Running at /scratch/bgre/83804
Submitdir is /homevip/bgre/RTM
Number of nodes: 1
Number of tasks: 40
Making SLURM ready at  Wed Oct 29 14:01:31 CET 2025
Starting slurm job at  Wed Oct 29 14:01:48 CET 2025
Running Python file at Wed Oct 29 14:01:49 CET 2025
Run started at 2025-10-29T13:02:59.405261+00:00



=================================================================================================================
Nadir Pixel Index    =  151
SceneName            =  Orbit_06518D
Specs                =  montecarlo - 3D - _wc
     Process 1 started calculating ia=2925
     Process 2 started calculating ia=2926
     Process 3 started calculating ia=2927
     Process 5 started calculating ia=2929
     Process 6 started calculating ia=2930
     Process 7 started calculating ia=2931
     Process 9 started calculating ia=2933
     Process 10 started calculating ia=2934
     Process 11 started calculating ia=2935
     Process 12 started calculating ia=2936
     Process 13 started calculating ia=2937
     Process 14 started calculating ia=2938
     Process 15 started calculating ia=2939
     Process 16 started calculating ia=2940
     Process 17 started calculating ia=2941
     Process 18 started calculating ia=2942
     Process 20 started calculating ia=2944
     Process 21 started calculating ia=2945
     Process 22 started calculating ia=2946
     Process 23 started calculating ia=2947
     Process 24 started calculating ia=2948
     Process 25 started calculating ia=2949
     Process 26 started calculating ia=2950
     Process 27 started calculating ia=2951
     Process 28 started calculating ia=2952
     Process 29 started calculating ia=2953
     Process 30 started calculating ia=2954
     Process 31 started calculating ia=2955
     Process 32 started calculating ia=2956
     Process 33 started calculating ia=2957
     Process 34 started calculating ia=2958
     Process 35 started calculating ia=2959
     Process 36 started calculating ia=2960
     Process 37 started calculating ia=2961
     Process 38 started calculating ia=2962
     Process 39 started calculating ia=2963
     Process 4 started calculating ia=2928
     Process 8 started calculating ia=2932
     Process 19 started calculating ia=2943
                                            [WORKER 17] ia=2941, solar   , zout=65.3, eup=  250.74 +- 2.12980244
                                            [WORKER  4] ia=2928, solar   , zout=65.3, eup=  199.43 +- 1.92694168
                                            [WORKER  3] ia=2927, solar   , zout=65.3, eup=  195.40 +- 1.91791368
                                            [WORKER  1] ia=2925, solar   , zout=65.3, eup=  196.53 +- 1.91826576
                                            [WORKER  5] ia=2929, solar   , zout=65.3, eup=  202.86 +- 1.95820646
                                            [WORKER 15] ia=2939, solar   , zout=65.3, eup=  252.40 +- 2.14832009
                                            [WORKER 16] ia=2940, solar   , zout=65.3, eup=  252.01 +- 2.13481499
                                            [WORKER 10] ia=2934, solar   , zout=65.3, eup=  226.64 +- 2.04621702
                                            [WORKER 31] ia=2955, solar   , zout=65.3, eup=  310.30 +- 2.29670455
                                            [WORKER 12] ia=2936, solar   , zout=65.3, eup=  240.92 +- 2.12246261
                                            [WORKER  6] ia=2930, solar   , zout=65.3, eup=  205.66 +- 1.94696698
                                            [WORKER 23] ia=2947, solar   , zout=65.3, eup=  276.48 +- 2.21522198
                                            [WORKER  7] ia=2931, solar   , zout=65.3, eup=  209.71 +- 1.98628942
                                            [WORKER  9] ia=2933, solar   , zout=65.3, eup=  224.54 +- 2.08198842
                                            [WORKER 11] ia=2935, solar   , zout=65.3, eup=  228.86 +- 2.04131009
                                            [WORKER 35] ia=2959, solar   , zout=65.3, eup=  312.20 +- 2.3024574
                                            [WORKER 37] ia=2961, solar   , zout=65.3, eup=  323.47 +- 2.34393849
                                            [WORKER  8] ia=2932, solar   , zout=65.3, eup=  217.52 +- 2.04013711
                                            [WORKER 39] ia=2963, solar   , zout=65.3, eup=  328.06 +- 2.34522699
                                            [WORKER 20] ia=2944, solar   , zout=65.3, eup=  264.66 +- 2.16304571
                                            [WORKER 13] ia=2937, solar   , zout=65.3, eup=  246.89 +- 2.12336533
                                            [WORKER 34] ia=2958, solar   , zout=65.3, eup=  307.35 +- 2.27591206
                                            [WORKER 18] ia=2942, solar   , zout=65.3, eup=  255.52 +- 2.13993735
                                            [WORKER 14] ia=2938, solar   , zout=65.3, eup=  249.86 +- 2.1363322
                                            [WORKER  2] ia=2926, solar   , zout=65.3, eup=  196.98 +- 1.92514857
                                            [WORKER 21] ia=2945, solar   , zout=65.3, eup=  272.76 +- 2.19116656
                                            [WORKER 32] ia=2956, solar   , zout=65.3, eup=  311.43 +- 2.31493816
                                            [WORKER 19] ia=2943, solar   , zout=65.3, eup=  266.29 +- 2.173341
                                            [WORKER 33] ia=2957, solar   , zout=65.3, eup=  309.36 +- 2.29589553
                                            [WORKER 29] ia=2953, solar   , zout=65.3, eup=  308.34 +- 2.27700452
                                            [WORKER 38] ia=2962, solar   , zout=65.3, eup=  320.99 +- 2.32280148
                                            [WORKER 36] ia=2960, solar   , zout=65.3, eup=  321.35 +- 2.34028471
                                            [WORKER 30] ia=2954, solar   , zout=65.3, eup=  322.50 +- 2.32234242
                                            [WORKER 25] ia=2949, solar   , zout=65.3, eup=  291.90 +- 2.26382922
                                            [WORKER 27] ia=2951, solar   , zout=65.3, eup=  305.68 +- 2.2826634
                                            [WORKER 24] ia=2948, solar   , zout=65.3, eup=  286.52 +- 2.24625965
                                            [WORKER 22] ia=2946, solar   , zout=65.3, eup=  277.86 +- 2.2240891
                                            [WORKER 26] ia=2950, solar   , zout=65.3, eup=  294.48 +- 2.26025944
                                            [WORKER 28] ia=2952, solar   , zout=65.3, eup=  310.00 +- 2.29731715
                                            [WORKER 17] ia=2941, thermal , zout=65.3, eup=  276.66 +- 0.701973863
                                            [WORKER  4] ia=2928, thermal , zout=65.3, eup=  294.26 +- 0.633092606
                                            [WORKER  3] ia=2927, thermal , zout=65.3, eup=  297.22 +- 0.621602863
     Process 17 started calculating ia=2964
     Process 4 started calculating ia=2965
     Process 3 started calculating ia=2966
                                            [WORKER  1] ia=2925, thermal , zout=65.3, eup=  297.45 +- 0.597246616
                                            [WORKER  5] ia=2929, thermal , zout=65.3, eup=  294.39 +- 0.598788317
     Process 1 started calculating ia=2967
     Process 5 started calculating ia=2968
                                            [WORKER 15] ia=2939, thermal , zout=65.3, eup=  278.35 +- 0.69320677
     Process 15 started calculating ia=2969
                                            [WORKER 16] ia=2940, thermal , zout=65.3, eup=  276.98 +- 0.707368633
     Process 16 started calculating ia=2970
                                            [WORKER 10] ia=2934, thermal , zout=65.3, eup=  283.52 +- 0.685233759
     Process 10 started calculating ia=2971
                                            [WORKER 31] ia=2955, thermal , zout=65.3, eup=  254.97 +- 0.636260306
     Process 31 started calculating ia=2972
                                            [WORKER 23] ia=2947, thermal , zout=65.3, eup=  265.76 +- 0.7070005
                                            [WORKER 12] ia=2936, thermal , zout=65.3, eup=  278.88 +- 0.686129331
                                            [WORKER  6] ia=2930, thermal , zout=65.3, eup=  290.49 +- 0.66525451
     Process 23 started calculating ia=2973
     Process 12 started calculating ia=2974
     Process 6 started calculating ia=2975
                                            [WORKER  9] ia=2933, thermal , zout=65.3, eup=  283.72 +- 0.700599862
                                            [WORKER 11] ia=2935, thermal , zout=65.3, eup=  282.83 +- 0.687678769
                                            [WORKER  7] ia=2931, thermal , zout=65.3, eup=  289.68 +- 0.666498809
                                            [WORKER 37] ia=2961, thermal , zout=65.3, eup=  236.72 +- 0.788571838
                                            [WORKER 35] ia=2959, thermal , zout=65.3, eup=  255.01 +- 0.6688329
     Process 9 started calculating ia=2976
     Process 11 started calculating ia=2977
     Process 7 started calculating ia=2978
                                            [WORKER 39] ia=2963, thermal , zout=65.3, eup=  253.45 +- 0.646440626
                                            [WORKER  8] ia=2932, thermal , zout=65.3, eup=  289.15 +- 0.653763215
     Process 37 started calculating ia=2979
     Process 35 started calculating ia=2980
                                            [WORKER 13] ia=2937, thermal , zout=65.3, eup=  276.87 +- 0.719634051
                                            [WORKER 20] ia=2944, thermal , zout=65.3, eup=  270.65 +- 0.713047669
                                            [WORKER 18] ia=2942, thermal , zout=65.3, eup=  272.16 +- 0.738661169
                                            [WORKER 34] ia=2958, thermal , zout=65.3, eup=  254.36 +- 0.693056648
                                            [WORKER 33] ia=2957, thermal , zout=65.3, eup=  256.30 +- 0.657129788
                                            [WORKER 29] ia=2953, thermal , zout=65.3, eup=  256.20 +- 0.655808391
                                            [WORKER 24] ia=2948, thermal , zout=65.3, eup=  263.39 +- 0.70367622
                                            [WORKER 14] ia=2938, thermal , zout=65.3, eup=  276.44 +- 0.707452132
                                            [WORKER  2] ia=2926, thermal , zout=65.3, eup=  295.39 +- 0.645274133
                                            [WORKER 19] ia=2943, thermal , zout=65.3, eup=  260.03 +- 0.808365499
                                            [WORKER 26] ia=2950, thermal , zout=65.3, eup=  259.37 +- 0.668280568
                                            [WORKER 32] ia=2956, thermal , zout=65.3, eup=  256.66 +- 0.652052923
                                            [WORKER 22] ia=2946, thermal , zout=65.3, eup=  267.33 +- 0.707415482
                                            [WORKER 21] ia=2945, thermal , zout=65.3, eup=  269.12 +- 0.699117685
                                            [WORKER 28] ia=2952, thermal , zout=65.3, eup=  255.23 +- 0.649752123
                                            [WORKER 27] ia=2951, thermal , zout=65.3, eup=  255.86 +- 0.640089858
                                            [WORKER 30] ia=2954, thermal , zout=65.3, eup=  251.97 +- 0.605889107
                                            [WORKER 25] ia=2949, thermal , zout=65.3, eup=  262.24 +- 0.700422285
                                            [WORKER 38] ia=2962, thermal , zout=65.3, eup=  255.70 +- 0.646208183
                                            [WORKER 36] ia=2960, thermal , zout=65.3, eup=  252.46 +- 0.630498683
                                            [WORKER 17] ia=2964, solar   , zout=65.3, eup=  325.51 +- 2.32656552
     Process 39 started calculating ia=2981
     Process 8 started calculating ia=2982
                                            [WORKER  4] ia=2965, solar   , zout=65.3, eup=  341.67 +- 2.34959679
                                            [WORKER  3] ia=2966, solar   , zout=65.3, eup=  342.10 +- 2.36440222
     Process 13 started calculating ia=2983
     Process 20 started calculating ia=2984
     Process 34 started calculating ia=2985
     Process 18 started calculating ia=2986
                                            [WORKER  1] ia=2967, solar   , zout=65.3, eup=  340.79 +- 2.36439778
     Process 33 started calculating ia=2987
     Process 29 started calculating ia=2988
                                            [WORKER  5] ia=2968, solar   , zout=65.3, eup=  351.20 +- 2.38497606
     Process 24 started calculating ia=2989
     Process 14 started calculating ia=2990
     Process 26 started calculating ia=2991
     Process 2 started calculating ia=2992
     Process 19 started calculating ia=2993
     Process 32 started calculating ia=2994
     Process 22 started calculating ia=2995
     Process 38 started calculating ia=2996
     Process 28 started calculating ia=2997
     Process 27 started calculating ia=2998
     Process 30 started calculating ia=2999
     Process 36 started calculating ia=3000
     Process 21 started calculating ia=3001
     Process 25 started calculating ia=3002
                                            [WORKER 15] ia=2969, solar   , zout=65.3, eup=  360.77 +- 2.41572903
                                            [WORKER 16] ia=2970, solar   , zout=65.3, eup=  361.93 +- 2.40786679
                                            [WORKER 10] ia=2971, solar   , zout=65.3, eup=  364.92 +- 2.42448757
                                            [WORKER 31] ia=2972, solar   , zout=65.3, eup=  375.33 +- 2.4378565
                                            [WORKER 23] ia=2973, solar   , zout=65.3, eup=  373.61 +- 2.4300738
                                            [WORKER 12] ia=2974, solar   , zout=65.3, eup=  372.47 +- 2.42155671
                                            [WORKER  6] ia=2975, solar   , zout=65.3, eup=  382.28 +- 2.4586515
                                            [WORKER  9] ia=2976, solar   , zout=65.3, eup=  382.58 +- 2.45648857
                                            [WORKER  7] ia=2978, solar   , zout=65.3, eup=  385.61 +- 2.45788142
                                            [WORKER 11] ia=2977, solar   , zout=65.3, eup=  379.31 +- 2.44013844
                                            [WORKER 37] ia=2979, solar   , zout=65.3, eup=  380.72 +- 2.44322813
                                            [WORKER 35] ia=2980, solar   , zout=65.3, eup=  379.02 +- 2.44151699
                                            [WORKER 39] ia=2981, solar   , zout=65.3, eup=  382.72 +- 2.45350576
                                            [WORKER  8] ia=2982, solar   , zout=65.3, eup=  378.17 +- 2.44045968
                                            [WORKER 13] ia=2983, solar   , zout=65.3, eup=  374.05 +- 2.43961077
                                            [WORKER 20] ia=2984, solar   , zout=65.3, eup=  370.27 +- 2.42611913
                                            [WORKER 17] ia=2964, thermal , zout=65.3, eup=  252.54 +- 0.64549694
                                            [WORKER 33] ia=2987, solar   , zout=65.3, eup=  371.74 +- 2.45490778
                                            [WORKER 34] ia=2985, solar   , zout=65.3, eup=  364.14 +- 2.40178335
                                            [WORKER 18] ia=2986, solar   , zout=65.3, eup=  362.39 +- 2.40895186
                                            [WORKER 29] ia=2988, solar   , zout=65.3, eup=  363.65 +- 2.42823036
                                            [WORKER  3] ia=2966, thermal , zout=65.3, eup=  246.92 +- 0.61310677
                                            [WORKER  4] ia=2965, thermal , zout=65.3, eup=  244.85 +- 0.660038706
                                            [WORKER 14] ia=2990, solar   , zout=65.3, eup=  360.99 +- 2.41589562
                                            [WORKER 19] ia=2993, solar   , zout=65.3, eup=  369.55 +- 2.43889891
                                            [WORKER 24] ia=2989, solar   , zout=65.3, eup=  355.93 +- 2.39205521
                                            [WORKER  1] ia=2967, thermal , zout=65.3, eup=  248.88 +- 0.636084328
                                            [WORKER  5] ia=2968, thermal , zout=65.3, eup=  248.42 +- 0.624236523
                                            [WORKER 26] ia=2991, solar   , zout=65.3, eup=  360.57 +- 2.41950735
                                            [WORKER  2] ia=2992, solar   , zout=65.3, eup=  364.21 +- 2.4169988
     Process 17 started calculating ia=3003
                                            [WORKER 28] ia=2997, solar   , zout=65.3, eup=  379.98 +- 2.44924805
                                            [WORKER 27] ia=2998, solar   , zout=65.3, eup=  386.25 +- 2.45784834
                                            [WORKER 15] ia=2969, thermal , zout=65.3, eup=  247.59 +- 0.611814287
                                            [WORKER 30] ia=2999, solar   , zout=65.3, eup=  393.54 +- 2.4696
                                            [WORKER 22] ia=2995, solar   , zout=65.3, eup=  368.15 +- 2.42070058
                                            [WORKER 36] ia=3000, solar   , zout=65.3, eup=  399.51 +- 2.47921024
                                            [WORKER 32] ia=2994, solar   , zout=65.3, eup=  367.30 +- 2.43483569
                                            [WORKER 38] ia=2996, solar   , zout=65.3, eup=  374.72 +- 2.43707467
                                            [WORKER 21] ia=3001, solar   , zout=65.3, eup=  408.98 +- 2.49460143
                                            [WORKER 16] ia=2970, thermal , zout=65.3, eup=  244.57 +- 0.625945925
                                            [WORKER 25] ia=3002, solar   , zout=65.3, eup=  420.13 +- 2.50533955
                                            [WORKER 10] ia=2971, thermal , zout=65.3, eup=  242.68 +- 0.631927083
                                            [WORKER 31] ia=2972, thermal , zout=65.3, eup=  242.30 +- 0.625090116
                                            [WORKER 23] ia=2973, thermal , zout=65.3, eup=  240.46 +- 0.629496659
                                            [WORKER 12] ia=2974, thermal , zout=65.3, eup=  238.37 +- 0.62814465
                                            [WORKER  6] ia=2975, thermal , zout=65.3, eup=  236.29 +- 0.636752567
     Process 3 started calculating ia=3004
     Process 4 started calculating ia=3005
                                            [WORKER  9] ia=2976, thermal , zout=65.3, eup=  234.49 +- 0.65357412
     Process 1 started calculating ia=3006
                                            [WORKER 11] ia=2977, thermal , zout=65.3, eup=  233.44 +- 0.650388563
                                            [WORKER  7] ia=2978, thermal , zout=65.3, eup=  232.08 +- 0.664872988
     Process 5 started calculating ia=3007
                                            [WORKER 37] ia=2979, thermal , zout=65.3, eup=  230.82 +- 0.668107381
                                            [WORKER 35] ia=2980, thermal , zout=65.3, eup=  229.87 +- 0.673431435
     Process 15 started calculating ia=3008
     Process 16 started calculating ia=3009
     Process 10 started calculating ia=3010
     Process 31 started calculating ia=3011
     Process 23 started calculating ia=3012
     Process 12 started calculating ia=3013
     Process 6 started calculating ia=3014
                                            [WORKER 39] ia=2981, thermal , zout=65.3, eup=  229.44 +- 0.699386342
                                            [WORKER  8] ia=2982, thermal , zout=65.3, eup=  227.59 +- 0.726004355
     Process 9 started calculating ia=3015
     Process 11 started calculating ia=3016
     Process 7 started calculating ia=3017
     Process 37 started calculating ia=3018
     Process 35 started calculating ia=3019
                                            [WORKER 13] ia=2983, thermal , zout=65.3, eup=  227.03 +- 0.729608366
                                            [WORKER 20] ia=2984, thermal , zout=65.3, eup=  224.93 +- 0.748274009
     Process 39 started calculating ia=3020
     Process 8 started calculating ia=3021
     Process 13 started calculating ia=3022
     Process 20 started calculating ia=3023
                                            [WORKER 33] ia=2987, thermal , zout=65.3, eup=  216.72 +- 0.827918369
     Process 33 started calculating ia=3024
                                            [WORKER 18] ia=2986, thermal , zout=65.3, eup=  221.43 +- 0.797327399
                                            [WORKER 34] ia=2985, thermal , zout=65.3, eup=  223.98 +- 0.769429583
     Process 18 started calculating ia=3025
     Process 34 started calculating ia=3026
                                            [WORKER 29] ia=2988, thermal , zout=65.3, eup=  212.45 +- 0.807304423
                                            [WORKER 17] ia=3003, solar   , zout=65.3, eup=  420.79 +- 2.50481019
     Process 29 started calculating ia=3027
                                            [WORKER 14] ia=2990, thermal , zout=65.3, eup=  206.72 +- 0.844473811
                                            [WORKER  3] ia=3004, solar   , zout=65.3, eup=  433.28 +- 2.51508889
     Process 14 started calculating ia=3028
                                            [WORKER 24] ia=2989, thermal , zout=65.3, eup=  211.17 +- 0.810348376
                                            [WORKER 19] ia=2993, thermal , zout=65.3, eup=  189.93 +- 0.842062782
                                            [WORKER 26] ia=2991, thermal , zout=65.3, eup=  200.62 +- 0.842821317
                                            [WORKER  4] ia=3005, solar   , zout=65.3, eup=  440.82 +- 2.52812548
                                            [WORKER  2] ia=2992, thermal , zout=65.3, eup=  197.71 +- 0.843465369
     Process 24 started calculating ia=3029
                                            [WORKER 27] ia=2998, thermal , zout=65.3, eup=  171.59 +- 0.824675375
     Process 19 started calculating ia=3030
                                            [WORKER 28] ia=2997, thermal , zout=65.3, eup=  176.53 +- 0.847866542
                                            [WORKER 30] ia=2999, thermal , zout=65.3, eup=  165.19 +- 0.793472844
                                            [WORKER 22] ia=2995, thermal , zout=65.3, eup=  183.74 +- 0.841250957
                                            [WORKER 32] ia=2994, thermal , zout=65.3, eup=  189.06 +- 0.863152128
                                            [WORKER 36] ia=3000, thermal , zout=65.3, eup=  162.87 +- 0.803370314
                                            [WORKER 21] ia=3001, thermal , zout=65.3, eup=  158.47 +- 0.79346274
                                            [WORKER 38] ia=2996, thermal , zout=65.3, eup=  179.06 +- 0.828598391
                                            [WORKER 25] ia=3002, thermal , zout=65.3, eup=  155.22 +- 0.788968713
                                            [WORKER  1] ia=3006, solar   , zout=65.3, eup=  446.69 +- 2.52756043
     Process 26 started calculating ia=3031
                                            [WORKER  5] ia=3007, solar   , zout=65.3, eup=  456.42 +- 2.5336859
     Process 2 started calculating ia=3032
                                            [WORKER 15] ia=3008, solar   , zout=65.3, eup=  463.69 +- 2.53161957
     Process 27 started calculating ia=3033
     Process 28 started calculating ia=3034
     Process 30 started calculating ia=3035
                                            [WORKER 16] ia=3009, solar   , zout=65.3, eup=  473.33 +- 2.54061354
     Process 22 started calculating ia=3036
                                            [WORKER 10] ia=3010, solar   , zout=65.3, eup=  482.75 +- 2.54089731
                                            [WORKER 31] ia=3011, solar   , zout=65.3, eup=  484.26 +- 2.54078442
     Process 32 started calculating ia=3037
     Process 36 started calculating ia=3038
     Process 21 started calculating ia=3039
                                            [WORKER 23] ia=3012, solar   , zout=65.3, eup=  493.31 +- 2.54008346
     Process 38 started calculating ia=3040
                                            [WORKER 12] ia=3013, solar   , zout=65.3, eup=  501.02 +- 2.5411528
     Process 25 started calculating ia=3041
                                            [WORKER  6] ia=3014, solar   , zout=65.3, eup=  515.37 +- 2.5347127
                                            [WORKER  9] ia=3015, solar   , zout=65.3, eup=  526.22 +- 2.53176837
                                            [WORKER  7] ia=3017, solar   , zout=65.3, eup=  538.44 +- 2.52581118
                                            [WORKER 11] ia=3016, solar   , zout=65.3, eup=  532.35 +- 2.52832418
                                            [WORKER 37] ia=3018, solar   , zout=65.3, eup=  548.75 +- 2.5188399
                                            [WORKER 35] ia=3019, solar   , zout=65.3, eup=  563.01 +- 2.49577623
                                            [WORKER 39] ia=3020, solar   , zout=65.3, eup=  572.54 +- 2.49500348
                                            [WORKER  8] ia=3021, solar   , zout=65.3, eup=  586.07 +- 2.46443736
                                            [WORKER 13] ia=3022, solar   , zout=65.3, eup=  597.67 +- 2.45505783
                                            [WORKER 20] ia=3023, solar   , zout=65.3, eup=  606.54 +- 2.45157171
                                            [WORKER 17] ia=3003, thermal , zout=65.3, eup=  150.70 +- 0.776830839
                                            [WORKER 33] ia=3024, solar   , zout=65.3, eup=  619.92 +- 2.42243154
                                            [WORKER 18] ia=3025, solar   , zout=65.3, eup=  628.11 +- 2.41689354
                                            [WORKER 34] ia=3026, solar   , zout=65.3, eup=  641.19 +- 2.38111922
                                            [WORKER 29] ia=3027, solar   , zout=65.3, eup=  650.67 +- 2.35901503
     Process 17 started calculating ia=3042
                                            [WORKER  3] ia=3004, thermal , zout=65.3, eup=  145.01 +- 0.712996718
                                            [WORKER 14] ia=3028, solar   , zout=65.3, eup=  660.22 +- 2.33390296
     Process 3 started calculating ia=3043
                                            [WORKER 24] ia=3029, solar   , zout=65.3, eup=  673.27 +- 2.30145658
                                            [WORKER 19] ia=3030, solar   , zout=65.3, eup=  681.22 +- 2.28247967
                                            [WORKER  4] ia=3005, thermal , zout=65.3, eup=  140.97 +- 0.695225357
     Process 4 started calculating ia=3044
                                            [WORKER 26] ia=3031, solar   , zout=65.3, eup=  693.17 +- 2.25167858
                                            [WORKER  1] ia=3006, thermal , zout=65.3, eup=  137.21 +- 0.668486344
                                            [WORKER  5] ia=3007, thermal , zout=65.3, eup=  132.48 +- 0.634475149
                                            [WORKER  2] ia=3032, solar   , zout=65.3, eup=  708.44 +- 2.17382944
     Process 1 started calculating ia=3045
                                            [WORKER 27] ia=3033, solar   , zout=65.3, eup=  714.20 +- 2.17734503
     Process 5 started calculating ia=3046
                                            [WORKER 28] ia=3034, solar   , zout=65.3, eup=  726.96 +- 2.09571132
                                            [WORKER 15] ia=3008, thermal , zout=65.3, eup=  131.06 +- 0.637008344
                                            [WORKER 30] ia=3035, solar   , zout=65.3, eup=  732.14 +- 2.08792511
     Process 15 started calculating ia=3047
                                            [WORKER 22] ia=3036, solar   , zout=65.3, eup=  740.61 +- 2.04564228
                                            [WORKER 16] ia=3009, thermal , zout=65.3, eup=  126.30 +- 0.563433588
                                            [WORKER 10] ia=3010, thermal , zout=65.3, eup=  123.50 +- 0.542292991
                                            [WORKER 31] ia=3011, thermal , zout=65.3, eup=  121.79 +- 0.516306456
                                            [WORKER 32] ia=3037, solar   , zout=65.3, eup=  747.88 +- 2.00453554
                                            [WORKER 23] ia=3012, thermal , zout=65.3, eup=  118.67 +- 0.453273749
                                            [WORKER 12] ia=3013, thermal , zout=65.3, eup=  116.16 +- 0.414219664
                                            [WORKER 36] ia=3038, solar   , zout=65.3, eup=  753.07 +- 1.993171
                                            [WORKER  6] ia=3014, thermal , zout=65.3, eup=  115.01 +- 0.423166506
                                            [WORKER 21] ia=3039, solar   , zout=65.3, eup=  758.70 +- 1.93667979
     Process 16 started calculating ia=3048
                                            [WORKER 38] ia=3040, solar   , zout=65.3, eup=  758.92 +- 1.96790841
                                            [WORKER  9] ia=3015, thermal , zout=65.3, eup=  113.59 +- 0.407507911
                                            [WORKER 25] ia=3041, solar   , zout=65.3, eup=  759.78 +- 1.98463985
                                            [WORKER 37] ia=3018, thermal , zout=65.3, eup=  109.61 +- 0.292676195
     Process 10 started calculating ia=3049
                                            [WORKER 11] ia=3016, thermal , zout=65.3, eup=  112.46 +- 0.39342508
                                            [WORKER  7] ia=3017, thermal , zout=65.3, eup=  111.36 +- 0.351597064
                                            [WORKER 35] ia=3019, thermal , zout=65.3, eup=  109.03 +- 0.279353756
     Process 31 started calculating ia=3050
                                            [WORKER 39] ia=3020, thermal , zout=65.3, eup=  108.57 +- 0.288648283
                                            [WORKER  8] ia=3021, thermal , zout=65.3, eup=  107.89 +- 0.25826178
                                            [WORKER 13] ia=3022, thermal , zout=65.3, eup=  107.02 +- 0.249466782
                                            [WORKER 20] ia=3023, thermal , zout=65.3, eup=  106.84 +- 0.253164013
     Process 23 started calculating ia=3051
     Process 12 started calculating ia=3052
                                            [WORKER 33] ia=3024, thermal , zout=65.3, eup=  105.95 +- 0.202032471
     Process 6 started calculating ia=3053
                                            [WORKER 18] ia=3025, thermal , zout=65.3, eup=  105.66 +- 0.198974703
                                            [WORKER 34] ia=3026, thermal , zout=65.3, eup=  105.88 +- 0.209252693
                                            [WORKER 29] ia=3027, thermal , zout=65.3, eup=  105.44 +- 0.201964225
     Process 9 started calculating ia=3054
                                            [WORKER 14] ia=3028, thermal , zout=65.3, eup=  104.68 +- 0.199663759
     Process 37 started calculating ia=3055
     Process 11 started calculating ia=3056
     Process 35 started calculating ia=3057
     Process 7 started calculating ia=3058
                                            [WORKER 24] ia=3029, thermal , zout=65.3, eup=  104.73 +- 0.135756279
                                            [WORKER 19] ia=3030, thermal , zout=65.3, eup=  104.39 +- 0.162616591
     Process 39 started calculating ia=3059
     Process 8 started calculating ia=3060
     Process 13 started calculating ia=3061
     Process 20 started calculating ia=3062
                                            [WORKER 26] ia=3031, thermal , zout=65.3, eup=  104.20 +- 0.162373936
                                            [WORKER 17] ia=3042, solar   , zout=65.3, eup=  765.66 +- 1.93675901
     Process 33 started calculating ia=3063
     Process 18 started calculating ia=3064
     Process 34 started calculating ia=3065
     Process 29 started calculating ia=3066
                                            [WORKER  3] ia=3043, solar   , zout=65.3, eup=  765.66 +- 1.95549636
                                            [WORKER  2] ia=3032, thermal , zout=65.3, eup=  103.83 +- 0.12364655
     Process 14 started calculating ia=3067
     Process 24 started calculating ia=3068
     Process 19 started calculating ia=3069
                                            [WORKER  4] ia=3044, solar   , zout=65.3, eup=  771.32 +- 1.88554576
                                            [WORKER 27] ia=3033, thermal , zout=65.3, eup=  103.82 +- 0.123598799
     Process 26 started calculating ia=3070
                                            [WORKER 28] ia=3034, thermal , zout=65.3, eup=  103.57 +- 0.122971084
                                            [WORKER 30] ia=3035, thermal , zout=65.3, eup=  103.57 +- 0.123297368
     Process 2 started calculating ia=3071
                                            [WORKER  1] ia=3045, solar   , zout=65.3, eup=  769.16 +- 1.92303785
     Process 27 started calculating ia=3072
     Process 28 started calculating ia=3073
     Process 30 started calculating ia=3074
                                            [WORKER  5] ia=3046, solar   , zout=65.3, eup=  769.46 +- 1.93190795
                                            [WORKER 22] ia=3036, thermal , zout=65.3, eup=  103.28 +- 0.121658692
     Process 22 started calculating ia=3075
                                            [WORKER 15] ia=3047, solar   , zout=65.3, eup=  774.61 +- 1.91883044
                                            [WORKER 32] ia=3037, thermal , zout=65.3, eup=  103.17 +- 0.12326298
     Process 32 started calculating ia=3076
                                            [WORKER 36] ia=3038, thermal , zout=65.3, eup=  103.21 +- 0.122268268
     Process 36 started calculating ia=3077
                                            [WORKER 21] ia=3039, thermal , zout=65.3, eup=  103.21 +- 0.123314377
                                            [WORKER 38] ia=3040, thermal , zout=65.3, eup=  103.01 +- 0.139908508
     Process 21 started calculating ia=3078
                                            [WORKER 16] ia=3048, solar   , zout=65.3, eup=  772.34 +- 1.91032587
     Process 38 started calculating ia=3079
                                            [WORKER 25] ia=3041, thermal , zout=65.3, eup=  102.92 +- 0.123924772
                                            [WORKER 10] ia=3049, solar   , zout=65.3, eup=  778.05 +- 1.87791579
     Process 25 started calculating ia=3080
                                            [WORKER 31] ia=3050, solar   , zout=65.3, eup=  781.82 +- 1.83794336
                                            [WORKER 23] ia=3051, solar   , zout=65.3, eup=  784.57 +- 1.79914129
                                            [WORKER 12] ia=3052, solar   , zout=65.3, eup=  788.42 +- 1.7787399
                                            [WORKER 17] ia=3042, thermal , zout=65.3, eup=  103.20 +- 0.120060811
                                            [WORKER  6] ia=3053, solar   , zout=65.3, eup=  788.03 +- 1.79574576
     Process 17 started calculating ia=3081
                                            [WORKER  3] ia=3043, thermal , zout=65.3, eup=  102.94 +- 0.122201723
                                            [WORKER  9] ia=3054, solar   , zout=65.3, eup=  789.72 +- 1.77697019
                                            [WORKER  4] ia=3044, thermal , zout=65.3, eup=  102.98 +- 0.121148993
     Process 3 started calculating ia=3082
                                            [WORKER 37] ia=3055, solar   , zout=65.3, eup=  792.97 +- 1.78807847
                                            [WORKER 11] ia=3056, solar   , zout=65.3, eup=  790.18 +- 1.79874555
                                            [WORKER  7] ia=3058, solar   , zout=65.3, eup=  796.37 +- 1.76375481
                                            [WORKER 35] ia=3057, solar   , zout=65.3, eup=  792.26 +- 1.80970641
                                            [WORKER  8] ia=3060, solar   , zout=65.3, eup=  803.05 +- 1.70256397
                                            [WORKER 39] ia=3059, solar   , zout=65.3, eup=  797.08 +- 1.73552247
     Process 4 started calculating ia=3083
                                            [WORKER  1] ia=3045, thermal , zout=65.3, eup=  102.92 +- 0.135305292
                                            [WORKER 13] ia=3061, solar   , zout=65.3, eup=  802.05 +- 1.69577962
                                            [WORKER 20] ia=3062, solar   , zout=65.3, eup=  802.99 +- 1.71556705
                                            [WORKER  5] ia=3046, thermal , zout=65.3, eup=  102.82 +- 0.121500218
                                            [WORKER 33] ia=3063, solar   , zout=65.3, eup=  806.11 +- 1.70643665
                                            [WORKER 18] ia=3064, solar   , zout=65.3, eup=  810.87 +- 1.67042279
                                            [WORKER 34] ia=3065, solar   , zout=65.3, eup=  812.48 +- 1.64590027
                                            [WORKER 29] ia=3066, solar   , zout=65.3, eup=  818.14 +- 1.63459031
                                            [WORKER 15] ia=3047, thermal , zout=65.3, eup=  102.87 +- 0.1192687
                                            [WORKER 14] ia=3067, solar   , zout=65.3, eup=  821.29 +- 1.56032441
                                            [WORKER 24] ia=3068, solar   , zout=65.3, eup=  824.98 +- 1.54823259
                                            [WORKER 19] ia=3069, solar   , zout=65.3, eup=  829.45 +- 1.51822314
     Process 1 started calculating ia=3084
                                            [WORKER 26] ia=3070, solar   , zout=65.3, eup=  832.85 +- 1.45885772
     Process 5 started calculating ia=3085
                                            [WORKER  2] ia=3071, solar   , zout=65.3, eup=  835.37 +- 1.44277459
     Process 15 started calculating ia=3086
                                            [WORKER 27] ia=3072, solar   , zout=65.3, eup=  836.43 +- 1.43893386
                                            [WORKER 16] ia=3048, thermal , zout=65.3, eup=  102.79 +- 0.121256722
                                            [WORKER 28] ia=3073, solar   , zout=65.3, eup=  836.47 +- 1.49048137
                                            [WORKER 30] ia=3074, solar   , zout=65.3, eup=  842.99 +- 1.40771925
                                            [WORKER 10] ia=3049, thermal , zout=65.3, eup=  102.73 +- 0.120966764
                                            [WORKER 31] ia=3050, thermal , zout=65.3, eup=  102.80 +- 0.117319966
                                            [WORKER 22] ia=3075, solar   , zout=65.3, eup=  840.65 +- 1.42874907
                                            [WORKER 23] ia=3051, thermal , zout=65.3, eup=  102.77 +- 0.115744379
                                            [WORKER 12] ia=3052, thermal , zout=65.3, eup=  102.37 +- 0.122312051
                                            [WORKER 32] ia=3076, solar   , zout=65.3, eup=  843.27 +- 1.39469417
     Process 16 started calculating ia=3087
     Process 10 started calculating ia=3088
                                            [WORKER 36] ia=3077, solar   , zout=65.3, eup=  846.38 +- 1.34032118
     Process 31 started calculating ia=3089
                                            [WORKER  6] ia=3053, thermal , zout=65.3, eup=  102.30 +- 0.120830006
     Process 23 started calculating ia=3090
                                            [WORKER 21] ia=3078, solar   , zout=65.3, eup=  847.10 +- 1.32869394
     Process 12 started calculating ia=3091
                                            [WORKER 38] ia=3079, solar   , zout=65.3, eup=  847.81 +- 1.33642507
                                            [WORKER  9] ia=3054, thermal , zout=65.3, eup=  102.36 +- 0.119641767
     Process 6 started calculating ia=3092
                                            [WORKER 25] ia=3080, solar   , zout=65.3, eup=  849.20 +- 1.26273487
                                            [WORKER 37] ia=3055, thermal , zout=65.3, eup=  102.17 +- 0.132583112
     Process 9 started calculating ia=3093
                                            [WORKER 11] ia=3056, thermal , zout=65.3, eup=  102.15 +- 0.120112683
                                            [WORKER  7] ia=3058, thermal , zout=65.3, eup=  102.32 +- 0.132375433
                                            [WORKER 35] ia=3057, thermal , zout=65.3, eup=  102.18 +- 0.118123134
                                            [WORKER  8] ia=3060, thermal , zout=65.3, eup=  101.93 +- 0.118713602
                                            [WORKER 17] ia=3081, solar   , zout=65.3, eup=  845.85 +- 1.39816482
                                            [WORKER 39] ia=3059, thermal , zout=65.3, eup=  101.81 +- 0.121813431
     Process 37 started calculating ia=3094
     Process 11 started calculating ia=3095
     Process 7 started calculating ia=3096
     Process 35 started calculating ia=3097
                                            [WORKER 13] ia=3061, thermal , zout=65.3, eup=  101.80 +- 0.117420497
                                            [WORKER 20] ia=3062, thermal , zout=65.3, eup=  102.10 +- 0.108415671
                                            [WORKER  3] ia=3082, solar   , zout=65.3, eup=  845.30 +- 1.31422815
                                            [WORKER 33] ia=3063, thermal , zout=65.3, eup=  101.48 +- 0.118135327
     Process 8 started calculating ia=3098
                                            [WORKER 18] ia=3064, thermal , zout=65.3, eup=  101.45 +- 0.117396478
     Process 39 started calculating ia=3099
                                            [WORKER 34] ia=3065, thermal , zout=65.3, eup=  101.62 +- 0.113757489
                                            [WORKER 29] ia=3066, thermal , zout=65.3, eup=  101.29 +- 0.119078741
                                            [WORKER 14] ia=3067, thermal , zout=65.3, eup=  101.23 +- 0.114365283
     Process 13 started calculating ia=3100
     Process 20 started calculating ia=3101
                                            [WORKER 24] ia=3068, thermal , zout=65.3, eup=  100.86 +- 0.120284321
                                            [WORKER 19] ia=3069, thermal , zout=65.3, eup=  100.75 +- 0.117370201
                                            [WORKER  4] ia=3083, solar   , zout=65.3, eup=  844.29 +- 1.35836149
     Process 33 started calculating ia=3102
                                            [WORKER 26] ia=3070, thermal , zout=65.3, eup=  100.76 +- 0.115891595
     Process 18 started calculating ia=3103
     Process 34 started calculating ia=3104
     Process 29 started calculating ia=3105
                                            [WORKER  2] ia=3071, thermal , zout=65.3, eup=  100.90 +- 0.11454037
     Process 14 started calculating ia=3106
                                            [WORKER 27] ia=3072, thermal , zout=65.3, eup=  100.64 +- 0.116271909
                                            [WORKER 28] ia=3073, thermal , zout=65.3, eup=  100.74 +- 0.116264603
     Process 24 started calculating ia=3107
     Process 19 started calculating ia=3108
                                            [WORKER 30] ia=3074, thermal , zout=65.3, eup=  100.61 +- 0.114953523
     Process 26 started calculating ia=3109
                                            [WORKER 22] ia=3075, thermal , zout=65.3, eup=  100.36 +- 0.118165099
                                            [WORKER  1] ia=3084, solar   , zout=65.3, eup=  843.17 +- 1.35752919
                                            [WORKER  5] ia=3085, solar   , zout=65.3, eup=  842.22 +- 1.3594908
     Process 2 started calculating ia=3110
                                            [WORKER 32] ia=3076, thermal , zout=65.3, eup=  100.11 +- 0.119567521
     Process 27 started calculating ia=3111
     Process 28 started calculating ia=3112
     Process 30 started calculating ia=3113
                                            [WORKER 15] ia=3086, solar   , zout=65.3, eup=  840.70 +- 1.39002575
                                            [WORKER 36] ia=3077, thermal , zout=65.3, eup=   99.97 +- 0.118603779
     Process 22 started calculating ia=3114
                                            [WORKER 21] ia=3078, thermal , zout=65.3, eup=  100.05 +- 0.115878821
                                            [WORKER 38] ia=3079, thermal , zout=65.3, eup=   99.97 +- 0.117886501
     Process 32 started calculating ia=3115
                                            [WORKER 25] ia=3080, thermal , zout=65.3, eup=   99.86 +- 0.117959713
     Process 36 started calculating ia=3116
     Process 21 started calculating ia=3117
                                            [WORKER 16] ia=3087, solar   , zout=65.3, eup=  839.60 +- 1.40289041
     Process 38 started calculating ia=3118
                                            [WORKER 10] ia=3088, solar   , zout=65.3, eup=  839.77 +- 1.39464225
     Process 25 started calculating ia=3119
                                            [WORKER 31] ia=3089, solar   , zout=65.3, eup=  841.13 +- 1.41478235
                                            [WORKER 17] ia=3081, thermal , zout=65.3, eup=  100.24 +- 0.114164151
                                            [WORKER 23] ia=3090, solar   , zout=65.3, eup=  838.24 +- 1.4399751
                                            [WORKER 12] ia=3091, solar   , zout=65.3, eup=  840.24 +- 1.35700607
     Process 17 started calculating ia=3120
                                            [WORKER  6] ia=3092, solar   , zout=65.3, eup=  836.69 +- 1.46288142
                                            [WORKER  3] ia=3082, thermal , zout=65.3, eup=  100.21 +- 0.115199928
                                            [WORKER  9] ia=3093, solar   , zout=65.3, eup=  839.36 +- 1.37921023
     Process 3 started calculating ia=3121
                                            [WORKER  4] ia=3083, thermal , zout=65.3, eup=   99.93 +- 0.114934426
     Process 4 started calculating ia=3122
                                            [WORKER 37] ia=3094, solar   , zout=65.3, eup=  836.65 +- 1.4419968
                                            [WORKER 11] ia=3095, solar   , zout=65.3, eup=  836.92 +- 1.4325363
                                            [WORKER  7] ia=3096, solar   , zout=65.3, eup=  833.23 +- 1.46898982
                                            [WORKER 35] ia=3097, solar   , zout=65.3, eup=  832.54 +- 1.44869286
                                            [WORKER  8] ia=3098, solar   , zout=65.3, eup=  830.80 +- 1.51343512
                                            [WORKER 39] ia=3099, solar   , zout=65.3, eup=  829.38 +- 1.49170953
                                            [WORKER  1] ia=3084, thermal , zout=65.3, eup=   99.86 +- 0.114651938
                                            [WORKER 20] ia=3101, solar   , zout=65.3, eup=  826.99 +- 1.55108424
                                            [WORKER  5] ia=3085, thermal , zout=65.3, eup=  100.09 +- 0.116434251
                                            [WORKER 13] ia=3100, solar   , zout=65.3, eup=  827.74 +- 1.52137272
                                            [WORKER 33] ia=3102, solar   , zout=65.3, eup=  829.17 +- 1.49807194
     Process 1 started calculating ia=3123
                                            [WORKER 15] ia=3086, thermal , zout=65.3, eup=  100.28 +- 0.113225348
                                            [WORKER 18] ia=3103, solar   , zout=65.3, eup=  825.24 +- 1.55100585
     Process 5 started calculating ia=3124
                                            [WORKER 34] ia=3104, solar   , zout=65.3, eup=  824.57 +- 1.57507831
                                            [WORKER 29] ia=3105, solar   , zout=65.3, eup=  826.59 +- 1.52783851
                                            [WORKER 14] ia=3106, solar   , zout=65.3, eup=  828.42 +- 1.5384731
     Process 15 started calculating ia=3125
                                            [WORKER 24] ia=3107, solar   , zout=65.3, eup=  828.15 +- 1.55132071
                                            [WORKER 19] ia=3108, solar   , zout=65.3, eup=  827.07 +- 1.5738044
                                            [WORKER 16] ia=3087, thermal , zout=65.3, eup=  100.08 +- 0.118211926
                                            [WORKER 26] ia=3109, solar   , zout=65.3, eup=  826.67 +- 1.57474481
                                            [WORKER 10] ia=3088, thermal , zout=65.3, eup=  100.44 +- 0.111013789
                                            [WORKER 31] ia=3089, thermal , zout=65.3, eup=  100.15 +- 0.115255528
                                            [WORKER  2] ia=3110, solar   , zout=65.3, eup=  828.98 +- 1.55645115
                                            [WORKER 23] ia=3090, thermal , zout=65.3, eup=   99.89 +- 0.115066487
                                            [WORKER 28] ia=3112, solar   , zout=65.3, eup=  825.19 +- 1.55972769
                                            [WORKER 12] ia=3091, thermal , zout=65.3, eup=   99.99 +- 0.115205357
                                            [WORKER 27] ia=3111, solar   , zout=65.3, eup=  826.70 +- 1.53761766
                                            [WORKER 30] ia=3113, solar   , zout=65.3, eup=  820.55 +- 1.56699678
                                            [WORKER 22] ia=3114, solar   , zout=65.3, eup=  815.76 +- 1.66601262
                                            [WORKER  6] ia=3092, thermal , zout=65.3, eup=  100.13 +- 0.113360098
     Process 16 started calculating ia=3126
                                            [WORKER  9] ia=3093, thermal , zout=65.3, eup=  100.05 +- 0.11348672
                                            [WORKER 32] ia=3115, solar   , zout=65.3, eup=  813.38 +- 1.65526732
     Process 10 started calculating ia=3127
     Process 31 started calculating ia=3128
                                            [WORKER 36] ia=3116, solar   , zout=65.3, eup=  809.28 +- 1.6771812
                                            [WORKER 21] ia=3117, solar   , zout=65.3, eup=  799.89 +- 1.79631803
     Process 23 started calculating ia=3129
                                            [WORKER 38] ia=3118, solar   , zout=65.3, eup=  796.71 +- 1.73736816
                                            [WORKER 25] ia=3119, solar   , zout=65.3, eup=  788.96 +- 1.82393512
     Process 12 started calculating ia=3130
                                            [WORKER 37] ia=3094, thermal , zout=65.3, eup=  100.09 +- 0.11410942
                                            [WORKER 11] ia=3095, thermal , zout=65.3, eup=  100.25 +- 0.112877294
     Process 6 started calculating ia=3131
                                            [WORKER 35] ia=3097, thermal , zout=65.3, eup=   99.97 +- 0.113595559
                                            [WORKER  7] ia=3096, thermal , zout=65.3, eup=  100.00 +- 0.114638095
     Process 9 started calculating ia=3132
                                            [WORKER 17] ia=3120, solar   , zout=65.3, eup=  779.51 +- 1.9125223
                                            [WORKER  8] ia=3098, thermal , zout=65.3, eup=  100.18 +- 0.111498781
                                            [WORKER 39] ia=3099, thermal , zout=65.3, eup=   99.84 +- 0.114707177
                                            [WORKER  3] ia=3121, solar   , zout=65.3, eup=  777.86 +- 1.86688013
     Process 37 started calculating ia=3133
     Process 11 started calculating ia=3134
     Process 35 started calculating ia=3135
                                            [WORKER  4] ia=3122, solar   , zout=65.3, eup=  765.57 +- 1.9719784
     Process 7 started calculating ia=3136
                                            [WORKER 20] ia=3101, thermal , zout=65.3, eup=   99.96 +- 0.11492349
     Process 8 started calculating ia=3137
                                            [WORKER 13] ia=3100, thermal , zout=65.3, eup=   99.98 +- 0.114531174
     Process 39 started calculating ia=3138
                                            [WORKER 33] ia=3102, thermal , zout=65.3, eup=   99.86 +- 0.117925727
     Process 20 started calculating ia=3139
                                            [WORKER 18] ia=3103, thermal , zout=65.3, eup=   99.96 +- 0.11506261
     Process 13 started calculating ia=3140
     Process 33 started calculating ia=3141
                                            [WORKER 34] ia=3104, thermal , zout=65.3, eup=   99.85 +- 0.117100596
                                            [WORKER 29] ia=3105, thermal , zout=65.3, eup=   99.99 +- 0.116575982
                                            [WORKER  1] ia=3123, solar   , zout=65.3, eup=  757.16 +- 1.9802134
     Process 18 started calculating ia=3142
                                            [WORKER 14] ia=3106, thermal , zout=65.3, eup=   99.74 +- 0.115007108
     Process 34 started calculating ia=3143
                                            [WORKER  5] ia=3124, solar   , zout=65.3, eup=  750.59 +- 2.05222303
[WORKER 29] Received termination signal. Exiting.
                                            [WORKER 24] ia=3107, thermal , zout=65.3, eup=   99.51 +- 0.11742892
                                            [WORKER 19] ia=3108, thermal , zout=65.3, eup=   99.69 +- 0.112936919
[WORKER 14] Received termination signal. Exiting.
                                            [WORKER 26] ia=3109, thermal , zout=65.3, eup=   99.75 +- 0.112881931
                                            [WORKER 15] ia=3125, solar   , zout=65.3, eup=  737.33 +- 2.08678176
[WORKER 24] Received termination signal. Exiting.
[WORKER 19] Received termination signal. Exiting.
[WORKER 26] Received termination signal. Exiting.
                                            [WORKER  2] ia=3110, thermal , zout=65.3, eup=   99.66 +- 0.114110322
[WORKER 2] Received termination signal. Exiting.
                                            [WORKER 28] ia=3112, thermal , zout=65.3, eup=   99.60 +- 0.114181265
                                            [WORKER 27] ia=3111, thermal , zout=65.3, eup=   99.51 +- 0.113170348
                                            [WORKER 30] ia=3113, thermal , zout=65.3, eup=   99.59 +- 0.114216141
[WORKER 28] Received termination signal. Exiting.
[WORKER 27] Received termination signal. Exiting.
[WORKER 30] Received termination signal. Exiting.
                                            [WORKER 22] ia=3114, thermal , zout=65.3, eup=   99.30 +- 0.115756887
[WORKER 22] Received termination signal. Exiting.
                                            [WORKER 32] ia=3115, thermal , zout=65.3, eup=   99.59 +- 0.112242789
[WORKER 32] Received termination signal. Exiting.
                                            [WORKER 16] ia=3126, solar   , zout=65.3, eup=  724.24 +- 2.15775766
                                            [WORKER 21] ia=3117, thermal , zout=65.3, eup=   99.77 +- 0.111203534
                                            [WORKER 36] ia=3116, thermal , zout=65.3, eup=   99.54 +- 0.116864638
                                            [WORKER 38] ia=3118, thermal , zout=65.3, eup=   99.52 +- 0.115752671
                                            [WORKER 10] ia=3127, solar   , zout=65.3, eup=  709.77 +- 2.19373284
                                            [WORKER 31] ia=3128, solar   , zout=65.3, eup=  694.99 +- 2.25531279
[WORKER 21] Received termination signal. Exiting.
[WORKER 36] Received termination signal. Exiting.
                                            [WORKER 25] ia=3119, thermal , zout=65.3, eup=   99.77 +- 0.12168805
[WORKER 38] Received termination signal. Exiting.
                                            [WORKER 23] ia=3129, solar   , zout=65.3, eup=  676.51 +- 2.31920672
                                            [WORKER 12] ia=3130, solar   , zout=65.3, eup=  658.73 +- 2.34978004
[WORKER 25] Received termination signal. Exiting.
                                            [WORKER 17] ia=3120, thermal , zout=65.3, eup=   99.63 +- 0.120081206
                                            [WORKER  6] ia=3131, solar   , zout=65.3, eup=  645.69 +- 2.36801385
                                            [WORKER  9] ia=3132, solar   , zout=65.3, eup=  629.01 +- 2.42728504
                                            [WORKER  3] ia=3121, thermal , zout=65.3, eup=   99.74 +- 0.122950762
[WORKER 17] Received termination signal. Exiting.
[WORKER 3] Received termination signal. Exiting.
                                            [WORKER  4] ia=3122, thermal , zout=65.3, eup=  100.17 +- 0.164000352
[WORKER 4] Received termination signal. Exiting.
                                            [WORKER 37] ia=3133, solar   , zout=65.3, eup=  610.63 +- 2.45206219
                                            [WORKER  7] ia=3136, solar   , zout=65.3, eup=  563.99 +- 2.52782548
                                            [WORKER 11] ia=3134, solar   , zout=65.3, eup=  589.51 +- 2.49288261
                                            [WORKER 35] ia=3135, solar   , zout=65.3, eup=  581.75 +- 2.49460993
                                            [WORKER  8] ia=3137, solar   , zout=65.3, eup=  546.95 +- 2.54107004
                                            [WORKER 39] ia=3138, solar   , zout=65.3, eup=  530.39 +- 2.54865432
                                            [WORKER 20] ia=3139, solar   , zout=65.3, eup=  512.89 +- 2.56049119
                                            [WORKER 13] ia=3140, solar   , zout=65.3, eup=  491.58 +- 2.56535264
                                            [WORKER  1] ia=3123, thermal , zout=65.3, eup=  100.13 +- 0.133118809
                                            [WORKER 33] ia=3141, solar   , zout=65.3, eup=  480.32 +- 2.56276292
                                            [WORKER  5] ia=3124, thermal , zout=65.3, eup=  100.60 +- 0.187101686
[WORKER 1] Received termination signal. Exiting.
                                            [WORKER 18] ia=3142, solar   , zout=65.3, eup=  458.83 +- 2.5615306
                                            [WORKER 15] ia=3125, thermal , zout=65.3, eup=  101.11 +- 0.192746134
[WORKER 5] Received termination signal. Exiting.
[WORKER 15] Received termination signal. Exiting.
                                            [WORKER 34] ia=3143, solar   , zout=65.3, eup=  436.69 +- 2.55074807
                                            [WORKER 16] ia=3126, thermal , zout=65.3, eup=  101.24 +- 0.201623964
[WORKER 16] Received termination signal. Exiting.
                                            [WORKER 31] ia=3128, thermal , zout=65.3, eup=  101.94 +- 0.239627545
                                            [WORKER 10] ia=3127, thermal , zout=65.3, eup=  101.55 +- 0.21853883
[WORKER 31] Received termination signal. Exiting.
[WORKER 10] Received termination signal. Exiting.
                                            [WORKER 23] ia=3129, thermal , zout=65.3, eup=  102.65 +- 0.26785025
[WORKER 23] Received termination signal. Exiting.
                                            [WORKER 12] ia=3130, thermal , zout=65.3, eup=  103.18 +- 0.280231845
[WORKER 12] Received termination signal. Exiting.
                                            [WORKER  9] ia=3132, thermal , zout=65.3, eup=  104.48 +- 0.31658729
                                            [WORKER  6] ia=3131, thermal , zout=65.3, eup=  103.99 +- 0.322309803
[WORKER 9] Received termination signal. Exiting.
[WORKER 6] Received termination signal. Exiting.
                                            [WORKER 37] ia=3133, thermal , zout=65.3, eup=  105.33 +- 0.328487026
[WORKER 37] Received termination signal. Exiting.
                                            [WORKER  7] ia=3136, thermal , zout=65.3, eup=  108.67 +- 0.40810802
                                            [WORKER 35] ia=3135, thermal , zout=65.3, eup=  107.83 +- 0.392161419
                                            [WORKER 11] ia=3134, thermal , zout=65.3, eup=  107.08 +- 0.394981675
[WORKER 7] Received termination signal. Exiting.
[WORKER 35] Received termination signal. Exiting.
[WORKER 11] Received termination signal. Exiting.
                                            [WORKER  8] ia=3137, thermal , zout=65.3, eup=  110.91 +- 0.471630876
                                            [WORKER 39] ia=3138, thermal , zout=65.3, eup=  112.25 +- 0.486187896
[WORKER 8] Received termination signal. Exiting.
[WORKER 39] Received termination signal. Exiting.
                                            [WORKER 20] ia=3139, thermal , zout=65.3, eup=  113.89 +- 0.553475035
[WORKER 20] Received termination signal. Exiting.
                                            [WORKER 13] ia=3140, thermal , zout=65.3, eup=  117.20 +- 0.606091948
                                            [WORKER 33] ia=3141, thermal , zout=65.3, eup=  121.13 +- 0.63616156
[WORKER 13] Received termination signal. Exiting.
[WORKER 33] Received termination signal. Exiting.
                                            [WORKER 18] ia=3142, thermal , zout=65.3, eup=  125.25 +- 0.716248721
[WORKER 18] Received termination signal. Exiting.
                                            [WORKER 34] ia=3143, thermal , zout=65.3, eup=  129.24 +- 0.745169741
Writing libRadtran output to netcdf file:  ./RESULTS/libRad_v01_montecarlo_3D_SWIA_solar,thermal_Orbit_06518D_wc.nc
[WORKER 34] Received termination signal. Exiting.
Run finished. It took 0.195 hours 


Finished running Python file at Wed Oct 29 14:14:54 CET 2025
