Running at /scratch/bgre/85236
Submitdir is /homevip/bgre/RTM
Number of nodes: 1
Number of tasks: 40
Making SLURM ready at  Tue Nov  4 17:00:17 CET 2025
Starting slurm job at  Tue Nov 4 17:00:44 CET 2025
Running Python file at Tue Nov  4 17:00:45 CET 2025
Run started at 2025-11-04T16:01:01.922576+00:00



=================================================================================================================
Nadir Pixel Index    =  151
SceneName            =  Orbit_06518D
Specs                =  montecarlo - 3D - _wc_test_atm_0
     Process 1 started calculating ia=2925
     Process 2 started calculating ia=2926
     Process 3 started calculating ia=2927
     Process 4 started calculating ia=2928
     Process 5 started calculating ia=2929
     Process 6 started calculating ia=2930
     Process 31 started calculating ia=2955
     Process 35 started calculating ia=2959
     Process 36 started calculating ia=2960
     Process 37 started calculating ia=2961
     Process 38 started calculating ia=2962
     Process 22 started calculating ia=2946
     Process 13 started calculating ia=2937
     Process 16 started calculating ia=2940
     Process 8 started calculating ia=2932
     Process 14 started calculating ia=2938
     Process 10 started calculating ia=2934
     Process 17 started calculating ia=2941
     Process 25 started calculating ia=2949
     Process 28 started calculating ia=2952
     Process 24 started calculating ia=2948
     Process 23 started calculating ia=2947
     Process 26 started calculating ia=2950
     Process 19 started calculating ia=2943
     Process 32 started calculating ia=2956
     Process 11 started calculating ia=2935
     Process 27 started calculating ia=2951
     Process 18 started calculating ia=2942
     Process 39 started calculating ia=2963
     Process 33 started calculating ia=2957
     Process 21 started calculating ia=2945
     Process 34 started calculating ia=2958
     Process 9 started calculating ia=2933
     Process 15 started calculating ia=2939
     Process 20 started calculating ia=2944
     Process 30 started calculating ia=2954
     Process 7 started calculating ia=2931
     Process 29 started calculating ia=2953
     Process 12 started calculating ia=2936
                                            [WORKER  1] ia=2925, solar   , zout=65.3, eup=  201.38 +- 1.94608956
                                            [WORKER  5] ia=2929, solar   , zout=65.3, eup=  196.77 +- 1.91849369
                                            [WORKER  6] ia=2930, solar   , zout=65.3, eup=  195.37 +- 1.91750341
                                            [WORKER  2] ia=2926, solar   , zout=65.3, eup=  196.62 +- 1.90166698
                                            [WORKER  3] ia=2927, solar   , zout=65.3, eup=  196.66 +- 1.93346471
                                            [WORKER 24] ia=2948, solar   , zout=65.3, eup=  288.30 +- 2.27650523
                                            [WORKER 33] ia=2957, solar   , zout=65.3, eup=  268.74 +- 2.1992014
                                            [WORKER 27] ia=2951, solar   , zout=65.3, eup=  297.79 +- 2.28580897
                                            [WORKER 23] ia=2947, solar   , zout=65.3, eup=  282.90 +- 2.26076897
                                            [WORKER  4] ia=2928, solar   , zout=65.3, eup=  199.44 +- 1.96561691
                                            [WORKER 31] ia=2955, solar   , zout=65.3, eup=  278.44 +- 2.26738928
                                            [WORKER 28] ia=2952, solar   , zout=65.3, eup=  299.06 +- 2.29721202
                                            [WORKER 38] ia=2962, solar   , zout=65.3, eup=  251.85 +- 2.1536943
                                            [WORKER 37] ia=2961, solar   , zout=65.3, eup=  260.74 +- 2.17118825
                                            [WORKER 25] ia=2949, solar   , zout=65.3, eup=  289.91 +- 2.27937846
                                            [WORKER 22] ia=2946, solar   , zout=65.3, eup=  284.60 +- 2.28465832
                                            [WORKER 26] ia=2950, solar   , zout=65.3, eup=  295.96 +- 2.29391891
                                            [WORKER 21] ia=2945, solar   , zout=65.3, eup=  276.95 +- 2.23385134
                                            [WORKER 35] ia=2959, solar   , zout=65.3, eup=  270.60 +- 2.21972291
                                            [WORKER 18] ia=2942, solar   , zout=65.3, eup=  255.30 +- 2.17835219
                                            [WORKER 17] ia=2941, solar   , zout=65.3, eup=  300.09 +- 2.1672493
                                            [WORKER 36] ia=2960, solar   , zout=65.3, eup=  271.68 +- 2.24535707
                                            [WORKER 30] ia=2954, solar   , zout=65.3, eup=  282.36 +- 2.23757172
                                            [WORKER 16] ia=2940, solar   , zout=65.3, eup=  233.54 +- 2.1003974
                                            [WORKER 32] ia=2956, solar   , zout=65.3, eup=  266.30 +- 2.19813524
                                            [WORKER 34] ia=2958, solar   , zout=65.3, eup=  267.73 +- 2.19502099
                                            [WORKER 15] ia=2939, solar   , zout=65.3, eup=  229.62 +- 2.08747356
                                            [WORKER 39] ia=2963, solar   , zout=65.3, eup=  242.67 +- 2.12081778
                                            [WORKER 11] ia=2935, solar   , zout=65.3, eup=  200.19 +- 1.93358974
                                            [WORKER 20] ia=2944, solar   , zout=65.3, eup=  275.94 +- 2.25635394
                                            [WORKER 14] ia=2938, solar   , zout=65.3, eup=  223.29 +- 2.039162
                                            [WORKER 19] ia=2943, solar   , zout=65.3, eup=  266.82 +- 2.21835098
                                            [WORKER 29] ia=2953, solar   , zout=65.3, eup=  289.71 +- 2.26758959
                                            [WORKER  7] ia=2931, solar   , zout=65.3, eup=  199.53 +- 1.95778606
                                            [WORKER  8] ia=2932, solar   , zout=65.3, eup=  195.39 +- 1.92766567
                                            [WORKER 12] ia=2936, solar   , zout=65.3, eup=  207.87 +- 2.00338792
                                            [WORKER  9] ia=2933, solar   , zout=65.3, eup=  197.69 +- 1.92346907
                                            [WORKER 13] ia=2937, solar   , zout=65.3, eup=  217.68 +- 2.04264616
                                            [WORKER 10] ia=2934, solar   , zout=65.3, eup=  199.30 +- 1.93984081
                                            [WORKER  1] ia=2925, thermal , zout=65.3, eup=  291.09 +- 0.637990349
                                            [WORKER  5] ia=2929, thermal , zout=65.3, eup=  289.85 +- 0.651013211
     Process 1 started calculating ia=2964
     Process 5 started calculating ia=2965
                                            [WORKER  2] ia=2926, thermal , zout=65.3, eup=  291.46 +- 0.659298379
                                            [WORKER  6] ia=2930, thermal , zout=65.3, eup=  292.43 +- 0.61691051
     Process 2 started calculating ia=2966
     Process 6 started calculating ia=2967
                                            [WORKER  3] ia=2927, thermal , zout=65.3, eup=  290.88 +- 0.648020898
                                            [WORKER 24] ia=2948, thermal , zout=65.3, eup=  250.37 +- 0.593028232
     Process 3 started calculating ia=2968
     Process 24 started calculating ia=2969
                                            [WORKER 33] ia=2957, thermal , zout=65.3, eup=  254.14 +- 0.613235885
                                            [WORKER 27] ia=2951, thermal , zout=65.3, eup=  248.39 +- 0.585775658
     Process 33 started calculating ia=2970
     Process 27 started calculating ia=2971
                                            [WORKER 23] ia=2947, thermal , zout=65.3, eup=  251.34 +- 0.600005426
     Process 23 started calculating ia=2972
                                            [WORKER  4] ia=2928, thermal , zout=65.3, eup=  290.02 +- 0.664951223
                                            [WORKER 28] ia=2952, thermal , zout=65.3, eup=  246.78 +- 0.609709428
     Process 4 started calculating ia=2973
     Process 28 started calculating ia=2974
                                            [WORKER 31] ia=2955, thermal , zout=65.3, eup=  253.18 +- 0.592402586
                                            [WORKER 38] ia=2962, thermal , zout=65.3, eup=  264.48 +- 0.634734848
     Process 31 started calculating ia=2975
     Process 38 started calculating ia=2976
                                            [WORKER 25] ia=2949, thermal , zout=65.3, eup=  250.57 +- 0.596251664
                                            [WORKER 37] ia=2961, thermal , zout=65.3, eup=  258.65 +- 0.621411296
                                            [WORKER 26] ia=2950, thermal , zout=65.3, eup=  247.80 +- 0.593704021
                                            [WORKER 22] ia=2946, thermal , zout=65.3, eup=  254.42 +- 0.613974113
                                            [WORKER 21] ia=2945, thermal , zout=65.3, eup=  254.25 +- 0.616145208
     Process 25 started calculating ia=2977
                                            [WORKER 36] ia=2960, thermal , zout=65.3, eup=  255.47 +- 0.595815654
     Process 37 started calculating ia=2978
     Process 26 started calculating ia=2979
                                            [WORKER 35] ia=2959, thermal , zout=65.3, eup=  251.82 +- 0.581246583
                                            [WORKER 18] ia=2942, thermal , zout=65.3, eup=  265.77 +- 0.650900151
                                            [WORKER 17] ia=2941, thermal , zout=65.3, eup=  235.12 +- 0.436404457
                                            [WORKER 30] ia=2954, thermal , zout=65.3, eup=  252.58 +- 0.588502281
                                            [WORKER 32] ia=2956, thermal , zout=65.3, eup=  253.85 +- 0.599179042
                                            [WORKER 15] ia=2939, thermal , zout=65.3, eup=  277.19 +- 0.652755356
                                            [WORKER 34] ia=2958, thermal , zout=65.3, eup=  250.90 +- 0.651362017
                                            [WORKER 29] ia=2953, thermal , zout=65.3, eup=  246.58 +- 0.588690154
                                            [WORKER 16] ia=2940, thermal , zout=65.3, eup=  273.50 +- 0.668366877
                                            [WORKER  8] ia=2932, thermal , zout=65.3, eup=  291.45 +- 0.678004208
                                            [WORKER 10] ia=2934, thermal , zout=65.3, eup=  289.59 +- 0.658976206
                                            [WORKER  7] ia=2931, thermal , zout=65.3, eup=  288.90 +- 0.689903912
     Process 22 started calculating ia=2980
                                            [WORKER 14] ia=2938, thermal , zout=65.3, eup=  278.69 +- 0.644712735
     Process 21 started calculating ia=2981
                                            [WORKER  9] ia=2933, thermal , zout=65.3, eup=  287.40 +- 0.678915111
                                            [WORKER 19] ia=2943, thermal , zout=65.3, eup=  261.46 +- 0.634893739
                                            [WORKER 13] ia=2937, thermal , zout=65.3, eup=  280.19 +- 0.682445674
                                            [WORKER 11] ia=2935, thermal , zout=65.3, eup=  288.00 +- 0.66040012
                                            [WORKER 12] ia=2936, thermal , zout=65.3, eup=  285.30 +- 0.653572273
                                            [WORKER 39] ia=2963, thermal , zout=65.3, eup=  269.21 +- 0.65683255
                                            [WORKER 20] ia=2944, thermal , zout=65.3, eup=  255.71 +- 0.637146157
     Process 36 started calculating ia=2982
     Process 35 started calculating ia=2983
     Process 18 started calculating ia=2984
     Process 17 started calculating ia=2985
     Process 30 started calculating ia=2986
     Process 32 started calculating ia=2987
     Process 29 started calculating ia=2988
     Process 15 started calculating ia=2989
     Process 34 started calculating ia=2990
     Process 16 started calculating ia=2991
     Process 8 started calculating ia=2992
     Process 7 started calculating ia=2993
     Process 10 started calculating ia=2994
     Process 14 started calculating ia=2995
     Process 9 started calculating ia=2996
     Process 19 started calculating ia=2997
     Process 13 started calculating ia=2998
     Process 11 started calculating ia=2999
     Process 12 started calculating ia=3000
     Process 39 started calculating ia=3001
     Process 20 started calculating ia=3002
                                            [WORKER  1] ia=2964, solar   , zout=65.3, eup=  232.84 +- 2.0723694
                                            [WORKER  5] ia=2965, solar   , zout=65.3, eup=  232.24 +- 2.05094505
                                            [WORKER  6] ia=2967, solar   , zout=65.3, eup=  218.79 +- 2.03766219
                                            [WORKER  2] ia=2966, solar   , zout=65.3, eup=  225.98 +- 2.02306159
                                            [WORKER 24] ia=2969, solar   , zout=65.3, eup=  203.02 +- 1.9319973
                                            [WORKER  3] ia=2968, solar   , zout=65.3, eup=  209.96 +- 1.95818863
                                            [WORKER 33] ia=2970, solar   , zout=65.3, eup=  199.06 +- 1.90336472
                                            [WORKER 27] ia=2971, solar   , zout=65.3, eup=  191.11 +- 1.88453709
                                            [WORKER 23] ia=2972, solar   , zout=65.3, eup=  191.49 +- 1.85058761
                                            [WORKER  4] ia=2973, solar   , zout=65.3, eup=  179.73 +- 1.74485827
                                            [WORKER 28] ia=2974, solar   , zout=65.3, eup=  187.00 +- 1.84030159
                                            [WORKER 31] ia=2975, solar   , zout=65.3, eup=  183.07 +- 1.7842161
                                            [WORKER 38] ia=2976, solar   , zout=65.3, eup=  185.24 +- 1.7898691
                                            [WORKER 25] ia=2977, solar   , zout=65.3, eup=  187.29 +- 1.83780235
                                            [WORKER 37] ia=2978, solar   , zout=65.3, eup=  183.05 +- 1.80273715
                                            [WORKER 26] ia=2979, solar   , zout=65.3, eup=  179.59 +- 1.75816098
                                            [WORKER 22] ia=2980, solar   , zout=65.3, eup=  185.24 +- 1.80179453
                                            [WORKER 21] ia=2981, solar   , zout=65.3, eup=  184.86 +- 1.8222373
                                            [WORKER  1] ia=2964, thermal , zout=65.3, eup=  271.52 +- 0.650740567
                                            [WORKER  5] ia=2965, thermal , zout=65.3, eup=  269.88 +- 0.678457792
     Process 1 started calculating ia=3003
                                            [WORKER  2] ia=2966, thermal , zout=65.3, eup=  277.23 +- 0.65196466
     Process 5 started calculating ia=3004
                                            [WORKER  6] ia=2967, thermal , zout=65.3, eup=  282.28 +- 0.647965754
                                            [WORKER 24] ia=2969, thermal , zout=65.3, eup=  290.24 +- 0.619364749
                                            [WORKER  3] ia=2968, thermal , zout=65.3, eup=  287.09 +- 0.652719424
                                            [WORKER 33] ia=2970, thermal , zout=65.3, eup=  295.95 +- 0.595045308
                                            [WORKER 27] ia=2971, thermal , zout=65.3, eup=  302.02 +- 0.547451451
     Process 2 started calculating ia=3005
                                            [WORKER 36] ia=2982, solar   , zout=65.3, eup=  186.84 +- 1.85910103
     Process 6 started calculating ia=3006
     Process 24 started calculating ia=3007
     Process 3 started calculating ia=3008
                                            [WORKER 35] ia=2983, solar   , zout=65.3, eup=  185.11 +- 1.81471315
                                            [WORKER 23] ia=2972, thermal , zout=65.3, eup=  303.48 +- 0.510142395
     Process 33 started calculating ia=3009
     Process 27 started calculating ia=3010
                                            [WORKER 18] ia=2984, solar   , zout=65.3, eup=  190.55 +- 1.87128086
                                            [WORKER 17] ia=2985, solar   , zout=65.3, eup=  189.98 +- 1.86686289
                                            [WORKER 30] ia=2986, solar   , zout=65.3, eup=  192.90 +- 1.8920366
                                            [WORKER  4] ia=2973, thermal , zout=65.3, eup=  305.18 +- 0.482792716
                                            [WORKER 32] ia=2987, solar   , zout=65.3, eup=  196.32 +- 1.91793773
     Process 23 started calculating ia=3011
                                            [WORKER 28] ia=2974, thermal , zout=65.3, eup=  305.72 +- 0.51541379
                                            [WORKER 29] ia=2988, solar   , zout=65.3, eup=  197.20 +- 1.91554576
                                            [WORKER 34] ia=2990, solar   , zout=65.3, eup=  203.73 +- 1.93698599
                                            [WORKER 31] ia=2975, thermal , zout=65.3, eup=  306.72 +- 0.477687118
                                            [WORKER 15] ia=2989, solar   , zout=65.3, eup=  202.28 +- 1.96255402
                                            [WORKER 16] ia=2991, solar   , zout=65.3, eup=  209.03 +- 1.98759356
                                            [WORKER 38] ia=2976, thermal , zout=65.3, eup=  303.79 +- 0.548319788
                                            [WORKER  8] ia=2992, solar   , zout=65.3, eup=  223.24 +- 2.05314236
                                            [WORKER 13] ia=2998, solar   , zout=65.3, eup=  273.69 +- 2.22341793
                                            [WORKER 10] ia=2994, solar   , zout=65.3, eup=  241.56 +- 2.12624379
                                            [WORKER 39] ia=3001, solar   , zout=65.3, eup=  296.29 +- 2.27378974
                                            [WORKER 19] ia=2997, solar   , zout=65.3, eup=  264.93 +- 2.1985812
                                            [WORKER  7] ia=2993, solar   , zout=65.3, eup=  230.30 +- 2.09860555
                                            [WORKER 11] ia=2999, solar   , zout=65.3, eup=  286.65 +- 2.25363935
                                            [WORKER  9] ia=2996, solar   , zout=65.3, eup=  253.60 +- 2.14339051
                                            [WORKER 14] ia=2995, solar   , zout=65.3, eup=  246.26 +- 2.11055502
                                            [WORKER 12] ia=3000, solar   , zout=65.3, eup=  293.21 +- 2.28248981
                                            [WORKER 20] ia=3002, solar   , zout=65.3, eup=  304.44 +- 2.29182845
     Process 4 started calculating ia=3012
     Process 28 started calculating ia=3013
     Process 31 started calculating ia=3014
     Process 38 started calculating ia=3015
                                            [WORKER 25] ia=2977, thermal , zout=65.3, eup=  303.30 +- 0.568455403
                                            [WORKER 26] ia=2979, thermal , zout=65.3, eup=  300.28 +- 0.626693933
                                            [WORKER 37] ia=2978, thermal , zout=65.3, eup=  302.29 +- 0.572651105
                                            [WORKER 21] ia=2981, thermal , zout=65.3, eup=  295.22 +- 0.709493071
                                            [WORKER 22] ia=2980, thermal , zout=65.3, eup=  299.37 +- 0.639016761
     Process 25 started calculating ia=3016
     Process 26 started calculating ia=3017
     Process 37 started calculating ia=3018
     Process 22 started calculating ia=3019
     Process 21 started calculating ia=3020
                                            [WORKER 36] ia=2982, thermal , zout=65.3, eup=  292.13 +- 0.735837819
     Process 36 started calculating ia=3021
                                            [WORKER 35] ia=2983, thermal , zout=65.3, eup=  284.28 +- 0.842742919
     Process 35 started calculating ia=3022
                                            [WORKER  1] ia=3003, solar   , zout=65.3, eup=  302.72 +- 2.27512635
                                            [WORKER  5] ia=3004, solar   , zout=65.3, eup=  315.48 +- 2.32744245
                                            [WORKER 18] ia=2984, thermal , zout=65.3, eup=  284.09 +- 0.812961521
     Process 18 started calculating ia=3023
                                            [WORKER 17] ia=2985, thermal , zout=65.3, eup=  279.58 +- 0.868526353
                                            [WORKER  2] ia=3005, solar   , zout=65.3, eup=  307.92 +- 2.2889198
                                            [WORKER 24] ia=3007, solar   , zout=65.3, eup=  322.47 +- 2.34606473
                                            [WORKER  6] ia=3006, solar   , zout=65.3, eup=  321.63 +- 2.34453234
                                            [WORKER  3] ia=3008, solar   , zout=65.3, eup=  328.14 +- 2.34748949
     Process 17 started calculating ia=3024
                                            [WORKER 33] ia=3009, solar   , zout=65.3, eup=  338.64 +- 2.39375898
                                            [WORKER 27] ia=3010, solar   , zout=65.3, eup=  342.90 +- 2.40959203
                                            [WORKER 30] ia=2986, thermal , zout=65.3, eup=  274.80 +- 0.917040286
                                            [WORKER 32] ia=2987, thermal , zout=65.3, eup=  267.31 +- 0.964030305
     Process 30 started calculating ia=3025
     Process 32 started calculating ia=3026
                                            [WORKER 23] ia=3011, solar   , zout=65.3, eup=  341.13 +- 2.39120766
                                            [WORKER 29] ia=2988, thermal , zout=65.3, eup=  263.42 +- 0.98762931
                                            [WORKER 34] ia=2990, thermal , zout=65.3, eup=  249.60 +- 1.05857477
     Process 29 started calculating ia=3027
     Process 34 started calculating ia=3028
                                            [WORKER 15] ia=2989, thermal , zout=65.3, eup=  259.23 +- 1.01224036
                                            [WORKER 16] ia=2991, thermal , zout=65.3, eup=  244.37 +- 1.07079015
     Process 15 started calculating ia=3029
     Process 16 started calculating ia=3030
                                            [WORKER  8] ia=2992, thermal , zout=65.3, eup=  233.56 +- 1.09644791
     Process 8 started calculating ia=3031
                                            [WORKER 13] ia=2998, thermal , zout=65.3, eup=  188.48 +- 1.08833756
                                            [WORKER 19] ia=2997, thermal , zout=65.3, eup=  194.81 +- 1.09300904
                                            [WORKER 10] ia=2994, thermal , zout=65.3, eup=  216.06 +- 1.11640161
                                            [WORKER 39] ia=3001, thermal , zout=65.3, eup=  171.18 +- 1.02187484
                                            [WORKER  7] ia=2993, thermal , zout=65.3, eup=  227.80 +- 1.10841554
                                            [WORKER 12] ia=3000, thermal , zout=65.3, eup=  176.90 +- 1.05589502
                                            [WORKER 14] ia=2995, thermal , zout=65.3, eup=  210.75 +- 1.12155976
                                            [WORKER  9] ia=2996, thermal , zout=65.3, eup=  205.47 +- 1.11925507
                                            [WORKER 11] ia=2999, thermal , zout=65.3, eup=  181.11 +- 1.06234544
     Process 13 started calculating ia=3032
                                            [WORKER 20] ia=3002, thermal , zout=65.3, eup=  167.41 +- 1.01026134
                                            [WORKER  4] ia=3012, solar   , zout=65.3, eup=  346.39 +- 2.38831981
     Process 19 started calculating ia=3033
     Process 10 started calculating ia=3034
                                            [WORKER 28] ia=3013, solar   , zout=65.3, eup=  349.64 +- 2.41398971
     Process 39 started calculating ia=3035
     Process 7 started calculating ia=3036
     Process 12 started calculating ia=3037
     Process 14 started calculating ia=3038
     Process 11 started calculating ia=3039
     Process 9 started calculating ia=3040
     Process 20 started calculating ia=3041
                                            [WORKER 31] ia=3014, solar   , zout=65.3, eup=  359.06 +- 2.43373884
                                            [WORKER 38] ia=3015, solar   , zout=65.3, eup=  363.38 +- 2.4457051
                                            [WORKER  1] ia=3003, thermal , zout=65.3, eup=  165.62 +- 0.997990258
                                            [WORKER  5] ia=3004, thermal , zout=65.3, eup=  161.26 +- 0.96152996
     Process 1 started calculating ia=3042
                                            [WORKER 25] ia=3016, solar   , zout=65.3, eup=  368.81 +- 2.45594315
     Process 5 started calculating ia=3043
                                            [WORKER 26] ia=3017, solar   , zout=65.3, eup=  379.30 +- 2.46297368
                                            [WORKER 21] ia=3020, solar   , zout=65.3, eup=  402.75 +- 2.50228139
                                            [WORKER 37] ia=3018, solar   , zout=65.3, eup=  393.26 +- 2.49064258
                                            [WORKER 22] ia=3019, solar   , zout=65.3, eup=  392.07 +- 2.48504188
                                            [WORKER  2] ia=3005, thermal , zout=65.3, eup=  162.06 +- 0.975971348
                                            [WORKER 24] ia=3007, thermal , zout=65.3, eup=  151.41 +- 0.89590442
                                            [WORKER 36] ia=3021, solar   , zout=65.3, eup=  406.61 +- 2.50221945
                                            [WORKER  6] ia=3006, thermal , zout=65.3, eup=  155.08 +- 0.933693693
     Process 2 started calculating ia=3044
                                            [WORKER  3] ia=3008, thermal , zout=65.3, eup=  152.50 +- 0.93124906
                                            [WORKER 33] ia=3009, thermal , zout=65.3, eup=  146.10 +- 0.869933343
     Process 24 started calculating ia=3045
                                            [WORKER 27] ia=3010, thermal , zout=65.3, eup=  148.36 +- 0.90890443
                                            [WORKER 35] ia=3022, solar   , zout=65.3, eup=  417.00 +- 2.51614479
     Process 6 started calculating ia=3046
     Process 3 started calculating ia=3047
     Process 33 started calculating ia=3048
                                            [WORKER 23] ia=3011, thermal , zout=65.3, eup=  146.46 +- 0.883730386
     Process 27 started calculating ia=3049
                                            [WORKER 18] ia=3023, solar   , zout=65.3, eup=  428.99 +- 2.52983666
     Process 23 started calculating ia=3050
                                            [WORKER 17] ia=3024, solar   , zout=65.3, eup=  435.67 +- 2.5327212
                                            [WORKER 32] ia=3026, solar   , zout=65.3, eup=  477.37 +- 2.55326519
                                            [WORKER 30] ia=3025, solar   , zout=65.3, eup=  457.17 +- 2.54618573
                                            [WORKER 29] ia=3027, solar   , zout=65.3, eup=  492.12 +- 2.55117491
                                            [WORKER 34] ia=3028, solar   , zout=65.3, eup=  515.33 +- 2.5507018
                                            [WORKER 15] ia=3029, solar   , zout=65.3, eup=  534.18 +- 2.53762974
                                            [WORKER 16] ia=3030, solar   , zout=65.3, eup=  545.82 +- 2.53766535
                                            [WORKER  4] ia=3012, thermal , zout=65.3, eup=  144.53 +- 0.852232678
                                            [WORKER 28] ia=3013, thermal , zout=65.3, eup=  140.41 +- 0.809182657
                                            [WORKER 31] ia=3014, thermal , zout=65.3, eup=  138.21 +- 0.806485584
                                            [WORKER 38] ia=3015, thermal , zout=65.3, eup=  137.16 +- 0.798040659
     Process 4 started calculating ia=3051
     Process 28 started calculating ia=3052
                                            [WORKER  8] ia=3031, solar   , zout=65.3, eup=  567.17 +- 2.5119699
     Process 31 started calculating ia=3053
                                            [WORKER 25] ia=3016, thermal , zout=65.3, eup=  135.67 +- 0.789082631
                                            [WORKER 26] ia=3017, thermal , zout=65.3, eup=  132.13 +- 0.746665057
     Process 38 started calculating ia=3054
                                            [WORKER 21] ia=3020, thermal , zout=65.3, eup=  126.85 +- 0.679944768
     Process 25 started calculating ia=3055
                                            [WORKER 22] ia=3019, thermal , zout=65.3, eup=  128.28 +- 0.685435925
                                            [WORKER 37] ia=3018, thermal , zout=65.3, eup=  127.73 +- 0.673911247
     Process 26 started calculating ia=3056
                                            [WORKER 13] ia=3032, solar   , zout=65.3, eup=  574.98 +- 2.51209461
     Process 21 started calculating ia=3057
                                            [WORKER 19] ia=3033, solar   , zout=65.3, eup=  587.26 +- 2.49818774
     Process 22 started calculating ia=3058
     Process 37 started calculating ia=3059
                                            [WORKER 10] ia=3034, solar   , zout=65.3, eup=  599.53 +- 2.46954372
                                            [WORKER 36] ia=3021, thermal , zout=65.3, eup=  122.96 +- 0.563014854
                                            [WORKER 39] ia=3035, solar   , zout=65.3, eup=  612.63 +- 2.45757371
                                            [WORKER  7] ia=3036, solar   , zout=65.3, eup=  627.06 +- 2.42431124
                                            [WORKER 12] ia=3037, solar   , zout=65.3, eup=  634.77 +- 2.42168066
     Process 36 started calculating ia=3060
                                            [WORKER  9] ia=3040, solar   , zout=65.3, eup=  637.01 +- 2.43514147
                                            [WORKER 14] ia=3038, solar   , zout=65.3, eup=  631.95 +- 2.43742077
                                            [WORKER 11] ia=3039, solar   , zout=65.3, eup=  639.32 +- 2.41953987
                                            [WORKER 35] ia=3022, thermal , zout=65.3, eup=  123.60 +- 0.615755327
                                            [WORKER 18] ia=3023, thermal , zout=65.3, eup=  120.46 +- 0.568949076
                                            [WORKER 20] ia=3041, solar   , zout=65.3, eup=  637.03 +- 2.434675
                                            [WORKER  1] ia=3042, solar   , zout=65.3, eup=  637.02 +- 2.4181763
                                            [WORKER 17] ia=3024, thermal , zout=65.3, eup=  119.74 +- 0.562806549
                                            [WORKER  5] ia=3043, solar   , zout=65.3, eup=  637.33 +- 2.41316201
     Process 35 started calculating ia=3061
     Process 18 started calculating ia=3062
     Process 17 started calculating ia=3063
                                            [WORKER 32] ia=3026, thermal , zout=65.3, eup=  113.66 +- 0.426245358
                                            [WORKER  2] ia=3044, solar   , zout=65.3, eup=  629.00 +- 2.43908738
                                            [WORKER 30] ia=3025, thermal , zout=65.3, eup=  116.44 +- 0.492641058
                                            [WORKER 24] ia=3045, solar   , zout=65.3, eup=  632.83 +- 2.43300733
     Process 32 started calculating ia=3064
     Process 30 started calculating ia=3065
                                            [WORKER  6] ia=3046, solar   , zout=65.3, eup=  629.10 +- 2.43940054
                                            [WORKER  3] ia=3047, solar   , zout=65.3, eup=  621.64 +- 2.46402385
                                            [WORKER 33] ia=3048, solar   , zout=65.3, eup=  618.94 +- 2.45281708
                                            [WORKER 34] ia=3028, thermal , zout=65.3, eup=  109.98 +- 0.370529006
                                            [WORKER 29] ia=3027, thermal , zout=65.3, eup=  112.72 +- 0.432773295
                                            [WORKER 27] ia=3049, solar   , zout=65.3, eup=  619.82 +- 2.45520417
                                            [WORKER 23] ia=3050, solar   , zout=65.3, eup=  619.00 +- 2.44673237
     Process 34 started calculating ia=3066
     Process 29 started calculating ia=3067
                                            [WORKER 15] ia=3029, thermal , zout=65.3, eup=  108.36 +- 0.307424455
                                            [WORKER 16] ia=3030, thermal , zout=65.3, eup=  107.64 +- 0.311008434
     Process 15 started calculating ia=3068
     Process 16 started calculating ia=3069
                                            [WORKER  8] ia=3031, thermal , zout=65.3, eup=  107.42 +- 0.327615376
     Process 8 started calculating ia=3070
                                            [WORKER 13] ia=3032, thermal , zout=65.3, eup=  106.16 +- 0.250251926
     Process 13 started calculating ia=3071
                                            [WORKER 19] ia=3033, thermal , zout=65.3, eup=  105.65 +- 0.204894283
     Process 19 started calculating ia=3072
                                            [WORKER 10] ia=3034, thermal , zout=65.3, eup=  105.46 +- 0.202185558
     Process 10 started calculating ia=3073
                                            [WORKER 39] ia=3035, thermal , zout=65.3, eup=  104.48 +- 0.159897316
     Process 39 started calculating ia=3074
                                            [WORKER  7] ia=3036, thermal , zout=65.3, eup=  103.89 +- 0.162860086
     Process 7 started calculating ia=3075
                                            [WORKER 28] ia=3052, solar   , zout=65.3, eup=  614.15 +- 2.46380942
                                            [WORKER 31] ia=3053, solar   , zout=65.3, eup=  611.70 +- 2.47539572
                                            [WORKER  4] ia=3051, solar   , zout=65.3, eup=  614.57 +- 2.46682916
                                            [WORKER 12] ia=3037, thermal , zout=65.3, eup=  103.82 +- 0.147745735
                                            [WORKER 38] ia=3054, solar   , zout=65.3, eup=  613.25 +- 2.46001463
                                            [WORKER  9] ia=3040, thermal , zout=65.3, eup=  103.90 +- 0.144052408
                                            [WORKER 14] ia=3038, thermal , zout=65.3, eup=  104.00 +- 0.143931504
                                            [WORKER 11] ia=3039, thermal , zout=65.3, eup=  103.67 +- 0.147840769
                                            [WORKER 25] ia=3055, solar   , zout=65.3, eup=  613.32 +- 2.4676174
     Process 12 started calculating ia=3076
                                            [WORKER  1] ia=3042, thermal , zout=65.3, eup=  103.51 +- 0.142377876
                                            [WORKER 26] ia=3056, solar   , zout=65.3, eup=  621.49 +- 2.45279424
                                            [WORKER  5] ia=3043, thermal , zout=65.3, eup=  103.78 +- 0.147055485
                                            [WORKER 21] ia=3057, solar   , zout=65.3, eup=  621.98 +- 2.45750153
                                            [WORKER 20] ia=3041, thermal , zout=65.3, eup=  103.45 +- 0.143408656
     Process 9 started calculating ia=3077
     Process 14 started calculating ia=3078
     Process 11 started calculating ia=3079
                                            [WORKER  2] ia=3044, thermal , zout=65.3, eup=  103.85 +- 0.149694765
                                            [WORKER 37] ia=3059, solar   , zout=65.3, eup=  636.78 +- 2.4319871
                                            [WORKER 22] ia=3058, solar   , zout=65.3, eup=  632.36 +- 2.42808082
                                            [WORKER 24] ia=3045, thermal , zout=65.3, eup=  103.80 +- 0.162789332
     Process 1 started calculating ia=3080
     Process 5 started calculating ia=3081
                                            [WORKER 36] ia=3060, solar   , zout=65.3, eup=  639.71 +- 2.41365823
     Process 20 started calculating ia=3082
                                            [WORKER  6] ia=3046, thermal , zout=65.3, eup=  103.25 +- 0.166587546
     Process 2 started calculating ia=3083
     Process 24 started calculating ia=3084
                                            [WORKER  3] ia=3047, thermal , zout=65.3, eup=  103.27 +- 0.150228196
                                            [WORKER 33] ia=3048, thermal , zout=65.3, eup=  103.74 +- 0.171491488
                                            [WORKER 27] ia=3049, thermal , zout=65.3, eup=  103.64 +- 0.189238397
                                            [WORKER 23] ia=3050, thermal , zout=65.3, eup=  103.64 +- 0.165552554
     Process 6 started calculating ia=3085
                                            [WORKER 35] ia=3061, solar   , zout=65.3, eup=  650.20 +- 2.40260217
                                            [WORKER 18] ia=3062, solar   , zout=65.3, eup=  658.42 +- 2.380285
     Process 3 started calculating ia=3086
     Process 33 started calculating ia=3087
     Process 27 started calculating ia=3088
     Process 23 started calculating ia=3089
                                            [WORKER 17] ia=3063, solar   , zout=65.3, eup=  666.98 +- 2.35579617
                                            [WORKER 32] ia=3064, solar   , zout=65.3, eup=  673.68 +- 2.3539678
                                            [WORKER 30] ia=3065, solar   , zout=65.3, eup=  679.38 +- 2.33464898
                                            [WORKER 34] ia=3066, solar   , zout=65.3, eup=  692.67 +- 2.2943925
                                            [WORKER 29] ia=3067, solar   , zout=65.3, eup=  699.29 +- 2.27690798
                                            [WORKER 15] ia=3068, solar   , zout=65.3, eup=  709.86 +- 2.21913799
                                            [WORKER 16] ia=3069, solar   , zout=65.3, eup=  714.34 +- 2.2162483
                                            [WORKER 28] ia=3052, thermal , zout=65.3, eup=  103.71 +- 0.192293805
                                            [WORKER  8] ia=3070, solar   , zout=65.3, eup=  722.10 +- 2.20497757
                                            [WORKER 31] ia=3053, thermal , zout=65.3, eup=  103.25 +- 0.178259054
                                            [WORKER  4] ia=3051, thermal , zout=65.3, eup=  103.49 +- 0.178676623
     Process 28 started calculating ia=3090
     Process 31 started calculating ia=3091
     Process 4 started calculating ia=3092
                                            [WORKER 13] ia=3071, solar   , zout=65.3, eup=  732.32 +- 2.18079373
                                            [WORKER 38] ia=3054, thermal , zout=65.3, eup=  103.43 +- 0.179559797
     Process 38 started calculating ia=3093
                                            [WORKER 25] ia=3055, thermal , zout=65.3, eup=  103.32 +- 0.175318767
                                            [WORKER 19] ia=3072, solar   , zout=65.3, eup=  743.98 +- 2.1077876
     Process 25 started calculating ia=3094
                                            [WORKER 26] ia=3056, thermal , zout=65.3, eup=  102.86 +- 0.196759405
                                            [WORKER 10] ia=3073, solar   , zout=65.3, eup=  750.85 +- 2.090389
                                            [WORKER 21] ia=3057, thermal , zout=65.3, eup=  103.13 +- 0.195532494
     Process 26 started calculating ia=3095
     Process 21 started calculating ia=3096
                                            [WORKER 22] ia=3058, thermal , zout=65.3, eup=  102.93 +- 0.186820238
                                            [WORKER 37] ia=3059, thermal , zout=65.3, eup=  102.42 +- 0.191016423
                                            [WORKER 39] ia=3074, solar   , zout=65.3, eup=  754.45 +- 2.05652643
     Process 22 started calculating ia=3097
     Process 37 started calculating ia=3098
                                            [WORKER 36] ia=3060, thermal , zout=65.3, eup=  102.09 +- 0.151624565
                                            [WORKER  7] ia=3075, solar   , zout=65.3, eup=  764.87 +- 2.0289445
     Process 36 started calculating ia=3099
                                            [WORKER 35] ia=3061, thermal , zout=65.3, eup=  101.78 +- 0.151401307
                                            [WORKER 18] ia=3062, thermal , zout=65.3, eup=  101.46 +- 0.151559744
     Process 35 started calculating ia=3100
     Process 18 started calculating ia=3101
                                            [WORKER 17] ia=3063, thermal , zout=65.3, eup=  101.52 +- 0.149378716
                                            [WORKER 32] ia=3064, thermal , zout=65.3, eup=  101.33 +- 0.141506663
     Process 17 started calculating ia=3102
                                            [WORKER 30] ia=3065, thermal , zout=65.3, eup=  101.06 +- 0.138228157
     Process 32 started calculating ia=3103
     Process 30 started calculating ia=3104
                                            [WORKER 12] ia=3076, solar   , zout=65.3, eup=  767.89 +- 2.00505857
                                            [WORKER  9] ia=3077, solar   , zout=65.3, eup=  774.91 +- 1.97697915
                                            [WORKER 34] ia=3066, thermal , zout=65.3, eup=  101.07 +- 0.143909425
                                            [WORKER 29] ia=3067, thermal , zout=65.3, eup=  100.72 +- 0.133413735
                                            [WORKER 14] ia=3078, solar   , zout=65.3, eup=  781.92 +- 1.92108827
                                            [WORKER 11] ia=3079, solar   , zout=65.3, eup=  783.10 +- 1.93953168
     Process 34 started calculating ia=3105
     Process 29 started calculating ia=3106
                                            [WORKER 15] ia=3068, thermal , zout=65.3, eup=  100.45 +- 0.138792677
                                            [WORKER 16] ia=3069, thermal , zout=65.3, eup=  100.27 +- 0.134244672
                                            [WORKER  1] ia=3080, solar   , zout=65.3, eup=  789.61 +- 1.90086404
                                            [WORKER  8] ia=3070, thermal , zout=65.3, eup=  100.09 +- 0.135173271
                                            [WORKER  5] ia=3081, solar   , zout=65.3, eup=  795.79 +- 1.87314406
     Process 15 started calculating ia=3107
     Process 16 started calculating ia=3108
     Process 8 started calculating ia=3109
                                            [WORKER 13] ia=3071, thermal , zout=65.3, eup=  100.09 +- 0.132979786
                                            [WORKER  2] ia=3083, solar   , zout=65.3, eup=  802.95 +- 1.81340642
                                            [WORKER 24] ia=3084, solar   , zout=65.3, eup=  806.33 +- 1.81454195
                                            [WORKER 20] ia=3082, solar   , zout=65.3, eup=  805.01 +- 1.80247692
     Process 13 started calculating ia=3110
                                            [WORKER 19] ia=3072, thermal , zout=65.3, eup=   99.95 +- 0.13592284
                                            [WORKER  6] ia=3085, solar   , zout=65.3, eup=  812.79 +- 1.74289296
                                            [WORKER 10] ia=3073, thermal , zout=65.3, eup=   99.43 +- 0.140287491
                                            [WORKER 33] ia=3087, solar   , zout=65.3, eup=  812.88 +- 1.74163625
     Process 19 started calculating ia=3111
                                            [WORKER  3] ia=3086, solar   , zout=65.3, eup=  810.48 +- 1.78377809
                                            [WORKER 23] ia=3089, solar   , zout=65.3, eup=  811.40 +- 1.75658493
                                            [WORKER 27] ia=3088, solar   , zout=65.3, eup=  807.21 +- 1.82460733
     Process 10 started calculating ia=3112
                                            [WORKER 39] ia=3074, thermal , zout=65.3, eup=   99.82 +- 0.13278787
                                            [WORKER  7] ia=3075, thermal , zout=65.3, eup=   99.45 +- 0.135891174
     Process 39 started calculating ia=3113
     Process 7 started calculating ia=3114
                                            [WORKER 12] ia=3076, thermal , zout=65.3, eup=   99.42 +- 0.133984451
     Process 12 started calculating ia=3115
                                            [WORKER 28] ia=3090, solar   , zout=65.3, eup=  809.42 +- 1.78640356
                                            [WORKER 31] ia=3091, solar   , zout=65.3, eup=  807.33 +- 1.78922887
                                            [WORKER  4] ia=3092, solar   , zout=65.3, eup=  805.09 +- 1.8260342
                                            [WORKER  9] ia=3077, thermal , zout=65.3, eup=   99.24 +- 0.134716619
                                            [WORKER 14] ia=3078, thermal , zout=65.3, eup=   99.00 +- 0.135578091
                                            [WORKER 25] ia=3094, solar   , zout=65.3, eup=  801.97 +- 1.8347045
                                            [WORKER 38] ia=3093, solar   , zout=65.3, eup=  805.65 +- 1.81161774
     Process 9 started calculating ia=3116
                                            [WORKER 11] ia=3079, thermal , zout=65.3, eup=   99.00 +- 0.136310656
     Process 14 started calculating ia=3117
                                            [WORKER 21] ia=3096, solar   , zout=65.3, eup=  795.45 +- 1.86864864
     Process 11 started calculating ia=3118
                                            [WORKER 26] ia=3095, solar   , zout=65.3, eup=  796.21 +- 1.8683336
                                            [WORKER 22] ia=3097, solar   , zout=65.3, eup=  793.30 +- 1.89437998
                                            [WORKER  1] ia=3080, thermal , zout=65.3, eup=   99.11 +- 0.135178617
                                            [WORKER 37] ia=3098, solar   , zout=65.3, eup=  785.79 +- 1.9347246
                                            [WORKER  5] ia=3081, thermal , zout=65.3, eup=   98.95 +- 0.134916594
                                            [WORKER 36] ia=3099, solar   , zout=65.3, eup=  780.57 +- 1.96549155
                                            [WORKER  2] ia=3083, thermal , zout=65.3, eup=   98.74 +- 0.132104663
     Process 1 started calculating ia=3119
                                            [WORKER 24] ia=3084, thermal , zout=65.3, eup=   98.64 +- 0.133950734
     Process 5 started calculating ia=3120
                                            [WORKER 35] ia=3100, solar   , zout=65.3, eup=  778.91 +- 1.94942539
                                            [WORKER 18] ia=3101, solar   , zout=65.3, eup=  774.67 +- 2.01490842
                                            [WORKER 20] ia=3082, thermal , zout=65.3, eup=   99.02 +- 0.133007467
                                            [WORKER 17] ia=3102, solar   , zout=65.3, eup=  777.42 +- 1.97772153
                                            [WORKER 32] ia=3103, solar   , zout=65.3, eup=  777.82 +- 1.94720024
     Process 2 started calculating ia=3121
                                            [WORKER  6] ia=3085, thermal , zout=65.3, eup=   98.87 +- 0.131262585
                                            [WORKER 30] ia=3104, solar   , zout=65.3, eup=  769.76 +- 2.03079312
     Process 24 started calculating ia=3122
                                            [WORKER 33] ia=3087, thermal , zout=65.3, eup=   98.83 +- 0.131569919
     Process 20 started calculating ia=3123
                                            [WORKER 23] ia=3089, thermal , zout=65.3, eup=   98.63 +- 0.133624379
                                            [WORKER  3] ia=3086, thermal , zout=65.3, eup=   99.02 +- 0.130777575
     Process 6 started calculating ia=3124
                                            [WORKER 27] ia=3088, thermal , zout=65.3, eup=   98.63 +- 0.136575399
     Process 33 started calculating ia=3125
                                            [WORKER 34] ia=3105, solar   , zout=65.3, eup=  773.17 +- 1.99165223
                                            [WORKER 29] ia=3106, solar   , zout=65.3, eup=  772.33 +- 1.99577296
     Process 23 started calculating ia=3126
     Process 3 started calculating ia=3127
     Process 27 started calculating ia=3128
                                            [WORKER 15] ia=3107, solar   , zout=65.3, eup=  769.79 +- 2.01126633
                                            [WORKER 16] ia=3108, solar   , zout=65.3, eup=  767.30 +- 2.04409112
                                            [WORKER  8] ia=3109, solar   , zout=65.3, eup=  767.65 +- 2.0308112
                                            [WORKER 13] ia=3110, solar   , zout=65.3, eup=  765.85 +- 2.03246893
                                            [WORKER 31] ia=3091, thermal , zout=65.3, eup=   98.43 +- 0.13285836
                                            [WORKER 28] ia=3090, thermal , zout=65.3, eup=   98.54 +- 0.133355042
     Process 31 started calculating ia=3129
     Process 28 started calculating ia=3130
                                            [WORKER  4] ia=3092, thermal , zout=65.3, eup=   98.47 +- 0.132618714
     Process 4 started calculating ia=3131
                                            [WORKER 19] ia=3111, solar   , zout=65.3, eup=  767.65 +- 1.99138431
                                            [WORKER 10] ia=3112, solar   , zout=65.3, eup=  764.66 +- 2.03314813
                                            [WORKER 25] ia=3094, thermal , zout=65.3, eup=   98.66 +- 0.131203313
                                            [WORKER 38] ia=3093, thermal , zout=65.3, eup=   98.39 +- 0.13597587
     Process 25 started calculating ia=3132
     Process 38 started calculating ia=3133
                                            [WORKER 21] ia=3096, thermal , zout=65.3, eup=   98.63 +- 0.134691764
                                            [WORKER  7] ia=3114, solar   , zout=65.3, eup=  761.76 +- 2.0191715
                                            [WORKER 39] ia=3113, solar   , zout=65.3, eup=  761.08 +- 2.03480454
     Process 21 started calculating ia=3134
                                            [WORKER 26] ia=3095, thermal , zout=65.3, eup=   98.78 +- 0.129965641
                                            [WORKER 22] ia=3097, thermal , zout=65.3, eup=   98.36 +- 0.134787371
                                            [WORKER 37] ia=3098, thermal , zout=65.3, eup=   98.41 +- 0.134466641
                                            [WORKER 12] ia=3115, solar   , zout=65.3, eup=  748.96 +- 2.11559627
                                            [WORKER 36] ia=3099, thermal , zout=65.3, eup=   98.74 +- 0.131330454
     Process 26 started calculating ia=3135
     Process 22 started calculating ia=3136
     Process 37 started calculating ia=3137
     Process 36 started calculating ia=3138
                                            [WORKER 35] ia=3100, thermal , zout=65.3, eup=   98.47 +- 0.134728212
                                            [WORKER 18] ia=3101, thermal , zout=65.3, eup=   98.62 +- 0.133842485
     Process 35 started calculating ia=3139
     Process 18 started calculating ia=3140
                                            [WORKER 17] ia=3102, thermal , zout=65.3, eup=   98.56 +- 0.138013162
                                            [WORKER 32] ia=3103, thermal , zout=65.3, eup=   98.77 +- 0.133829626
                                            [WORKER 30] ia=3104, thermal , zout=65.3, eup=   98.71 +- 0.133130723
     Process 17 started calculating ia=3141
     Process 32 started calculating ia=3142
     Process 30 started calculating ia=3143
                                            [WORKER  9] ia=3116, solar   , zout=65.3, eup=  741.59 +- 2.13538091
                                            [WORKER 34] ia=3105, thermal , zout=65.3, eup=   98.82 +- 0.13485955
                                            [WORKER 14] ia=3117, solar   , zout=65.3, eup=  729.05 +- 2.19712272
                                            [WORKER 29] ia=3106, thermal , zout=65.3, eup=   98.62 +- 0.134463677
                                            [WORKER 11] ia=3118, solar   , zout=65.3, eup=  722.30 +- 2.21941548
                                            [WORKER 15] ia=3107, thermal , zout=65.3, eup=   98.85 +- 0.133110134
[WORKER 34] Received termination signal. Exiting.
[WORKER 29] Received termination signal. Exiting.
                                            [WORKER  8] ia=3109, thermal , zout=65.3, eup=   98.54 +- 0.136407819
                                            [WORKER 16] ia=3108, thermal , zout=65.3, eup=   98.71 +- 0.133992284
[WORKER 15] Received termination signal. Exiting.
[WORKER 8] Received termination signal. Exiting.
[WORKER 16] Received termination signal. Exiting.
                                            [WORKER 13] ia=3110, thermal , zout=65.3, eup=   98.84 +- 0.130989608
[WORKER 13] Received termination signal. Exiting.
                                            [WORKER  5] ia=3120, solar   , zout=65.3, eup=  704.99 +- 2.26625158
                                            [WORKER  1] ia=3119, solar   , zout=65.3, eup=  712.84 +- 2.25984771
                                            [WORKER  2] ia=3121, solar   , zout=65.3, eup=  694.16 +- 2.3260376
                                            [WORKER 24] ia=3122, solar   , zout=65.3, eup=  685.43 +- 2.35202144
                                            [WORKER 19] ia=3111, thermal , zout=65.3, eup=   98.78 +- 0.131028649
[WORKER 19] Received termination signal. Exiting.
                                            [WORKER  6] ia=3124, solar   , zout=65.3, eup=  661.87 +- 2.38642035
                                            [WORKER 10] ia=3112, thermal , zout=65.3, eup=   98.64 +- 0.132889165
                                            [WORKER 33] ia=3125, solar   , zout=65.3, eup=  648.47 +- 2.42942961
[WORKER 10] Received termination signal. Exiting.
                                            [WORKER 23] ia=3126, solar   , zout=65.3, eup=  634.94 +- 2.45978967
                                            [WORKER 20] ia=3123, solar   , zout=65.3, eup=  675.82 +- 2.35464043
                                            [WORKER 27] ia=3128, solar   , zout=65.3, eup=  615.97 +- 2.47633828
                                            [WORKER  3] ia=3127, solar   , zout=65.3, eup=  624.73 +- 2.47064146
                                            [WORKER  7] ia=3114, thermal , zout=65.3, eup=   98.43 +- 0.131167774
                                            [WORKER 39] ia=3113, thermal , zout=65.3, eup=   98.32 +- 0.136148421
[WORKER 7] Received termination signal. Exiting.
[WORKER 39] Received termination signal. Exiting.
                                            [WORKER 28] ia=3130, solar   , zout=65.3, eup=  593.64 +- 2.5066284
                                            [WORKER 12] ia=3115, thermal , zout=65.3, eup=   98.48 +- 0.133792487
                                            [WORKER  4] ia=3131, solar   , zout=65.3, eup=  581.70 +- 2.52766909
                                            [WORKER 31] ia=3129, solar   , zout=65.3, eup=  606.08 +- 2.49734681
[WORKER 12] Received termination signal. Exiting.
                                            [WORKER 25] ia=3132, solar   , zout=65.3, eup=  567.65 +- 2.53726489
                                            [WORKER 38] ia=3133, solar   , zout=65.3, eup=  549.28 +- 2.55871162
                                            [WORKER  9] ia=3116, thermal , zout=65.3, eup=   98.13 +- 0.13712584
[WORKER 9] Received termination signal. Exiting.
                                            [WORKER 21] ia=3134, solar   , zout=65.3, eup=  531.71 +- 2.56275473
                                            [WORKER 14] ia=3117, thermal , zout=65.3, eup=   98.44 +- 0.135388036
                                            [WORKER 11] ia=3118, thermal , zout=65.3, eup=   98.38 +- 0.140101525
[WORKER 14] Received termination signal. Exiting.
[WORKER 11] Received termination signal. Exiting.
                                            [WORKER 26] ia=3135, solar   , zout=65.3, eup=  516.08 +- 2.56849267
                                            [WORKER 37] ia=3137, solar   , zout=65.3, eup=  487.38 +- 2.57102729
                                            [WORKER 36] ia=3138, solar   , zout=65.3, eup=  471.20 +- 2.5658133
                                            [WORKER 22] ia=3136, solar   , zout=65.3, eup=  501.93 +- 2.57258158
                                            [WORKER  5] ia=3120, thermal , zout=65.3, eup=   98.48 +- 0.134632805
                                            [WORKER  1] ia=3119, thermal , zout=65.3, eup=   98.45 +- 0.147138799
                                            [WORKER 18] ia=3140, solar   , zout=65.3, eup=  444.49 +- 2.55329087
                                            [WORKER 35] ia=3139, solar   , zout=65.3, eup=  458.57 +- 2.56234276
[WORKER 5] Received termination signal. Exiting.
                                            [WORKER  2] ia=3121, thermal , zout=65.3, eup=   98.52 +- 0.134697717
                                            [WORKER 24] ia=3122, thermal , zout=65.3, eup=   98.52 +- 0.137781198
                                            [WORKER 17] ia=3141, solar   , zout=65.3, eup=  431.60 +- 2.5405653
[WORKER 1] Received termination signal. Exiting.
                                            [WORKER 30] ia=3143, solar   , zout=65.3, eup=  413.73 +- 2.5313666
                                            [WORKER 32] ia=3142, solar   , zout=65.3, eup=  420.14 +- 2.53809852
[WORKER 2] Received termination signal. Exiting.
                                            [WORKER  6] ia=3124, thermal , zout=65.3, eup=   99.19 +- 0.141584159
[WORKER 24] Received termination signal. Exiting.
                                            [WORKER 33] ia=3125, thermal , zout=65.3, eup=   99.56 +- 0.174355842
[WORKER 6] Received termination signal. Exiting.
[WORKER 33] Received termination signal. Exiting.
                                            [WORKER 27] ia=3128, thermal , zout=65.3, eup=  100.68 +- 0.206564377
                                            [WORKER 23] ia=3126, thermal , zout=65.3, eup=  100.21 +- 0.204338529
                                            [WORKER  3] ia=3127, thermal , zout=65.3, eup=  100.35 +- 0.18562507
                                            [WORKER 20] ia=3123, thermal , zout=65.3, eup=   99.01 +- 0.140807689
[WORKER 27] Received termination signal. Exiting.
[WORKER 23] Received termination signal. Exiting.
[WORKER 3] Received termination signal. Exiting.
[WORKER 20] Received termination signal. Exiting.
                                            [WORKER 28] ia=3130, thermal , zout=65.3, eup=  101.97 +- 0.266758659
[WORKER 28] Received termination signal. Exiting.
                                            [WORKER  4] ia=3131, thermal , zout=65.3, eup=  102.66 +- 0.27713858
                                            [WORKER 31] ia=3129, thermal , zout=65.3, eup=  101.00 +- 0.237162991
[WORKER 4] Received termination signal. Exiting.
[WORKER 31] Received termination signal. Exiting.
                                            [WORKER 25] ia=3132, thermal , zout=65.3, eup=  103.69 +- 0.311590205
                                            [WORKER 38] ia=3133, thermal , zout=65.3, eup=  106.07 +- 0.403796158
[WORKER 25] Received termination signal. Exiting.
[WORKER 38] Received termination signal. Exiting.
                                            [WORKER 21] ia=3134, thermal , zout=65.3, eup=  106.60 +- 0.382604971
[WORKER 21] Received termination signal. Exiting.
                                            [WORKER 26] ia=3135, thermal , zout=65.3, eup=  109.74 +- 0.427968627
[WORKER 26] Received termination signal. Exiting.
                                            [WORKER 37] ia=3137, thermal , zout=65.3, eup=  113.54 +- 0.507547397
[WORKER 37] Received termination signal. Exiting.
                                            [WORKER 36] ia=3138, thermal , zout=65.3, eup=  115.67 +- 0.52999241
[WORKER 36] Received termination signal. Exiting.
                                            [WORKER 22] ia=3136, thermal , zout=65.3, eup=  111.00 +- 0.457659558
[WORKER 22] Received termination signal. Exiting.
                                            [WORKER 18] ia=3140, thermal , zout=65.3, eup=  118.03 +- 0.541463618
[WORKER 18] Received termination signal. Exiting.
                                            [WORKER 35] ia=3139, thermal , zout=65.3, eup=  117.60 +- 0.578527568
[WORKER 35] Received termination signal. Exiting.
                                            [WORKER 17] ia=3141, thermal , zout=65.3, eup=  121.46 +- 0.616657657
[WORKER 17] Received termination signal. Exiting.
                                            [WORKER 30] ia=3143, thermal , zout=65.3, eup=  125.40 +- 0.652292695
                                            [WORKER 32] ia=3142, thermal , zout=65.3, eup=  124.14 +- 0.644817058
[WORKER 30] Received termination signal. Exiting.
Writing libRadtran output to netcdf file:  ./RESULTS/libRad_v01_montecarlo_3D_SWIA_solar,thermal_Orbit_06518D_wc_test_atm_0.nc
[WORKER 32] Received termination signal. Exiting.
Run finished. It took 0.111 hours 


Finished running Python file at Tue Nov  4 17:07:57 CET 2025
